Log file open, 08/15/23 19:08:48
LogWindows: Failed to load 'aqProf.dll' (GetLastError=126)
LogWindows: File 'aqProf.dll' does not exist
LogWindows: Failed to load 'VtuneApi.dll' (GetLastError=126)
LogWindows: File 'VtuneApi.dll' does not exist
LogWindows: Failed to load 'VtuneApi32e.dll' (GetLastError=126)
LogWindows: File 'VtuneApi32e.dll' does not exist
LogConsoleResponse: Display: Failed to find resolution value strings in scalability ini. Falling back to default.
LogConsoleResponse: Display: Failed to find resolution value strings in scalability ini. Falling back to default.
LogInit: Display: Running engine for game: Ex2
LogPlatformFile: Not using cached read wrapper
LogTaskGraph: Started task graph with 5 named threads and 35 total threads with 3 sets of task threads.
LogStats: Stats thread started at 0.232952
LogICUInternationalization: ICU TimeZone Detection - Raw Offset: -5:00, Platform Override: ''
LogInit: Display: Loading text-based GConfig....
LogPluginManager: Mounting plugin MeshPainting
LogPluginManager: Mounting plugin XGEController
LogPluginManager: Mounting plugin Paper2D
LogPluginManager: Mounting plugin EnvironmentQueryEditor
LogPluginManager: Mounting plugin AISupport
LogPluginManager: Mounting plugin LightPropagationVolume
LogPluginManager: Mounting plugin LiveLink
LogPluginManager: Mounting plugin CameraShakePreviewer
LogPluginManager: Mounting plugin GameplayCameras
LogPluginManager: Mounting plugin OodleData
LogPluginManager: Mounting plugin OodleNetwork
LogPluginManager: Mounting plugin AnimationSharing
LogPluginManager: Mounting plugin CLionSourceCodeAccess
LogPluginManager: Mounting plugin CodeLiteSourceCodeAccess
LogPluginManager: Mounting plugin NullSourceCodeAccess
LogPluginManager: Mounting plugin GitSourceControl
LogPluginManager: Mounting plugin KDevelopSourceCodeAccess
LogPluginManager: Mounting plugin PixWinPlugin
LogPluginManager: Mounting plugin PerforceSourceControl
LogPluginManager: Mounting plugin PluginUtils
LogPluginManager: Mounting plugin PlasticSourceControl
LogPluginManager: Mounting plugin PropertyAccessNode
LogPluginManager: Mounting plugin RiderSourceCodeAccess
LogPluginManager: Mounting plugin TextureFormatOodle
LogPluginManager: Mounting plugin SubversionSourceControl
LogPluginManager: Mounting plugin VisualStudioCodeSourceCodeAccess
LogPluginManager: Mounting plugin UObjectPlugin
LogPluginManager: Mounting plugin XCodeSourceCodeAccess
LogPluginManager: Mounting plugin AssetManagerEditor
LogPluginManager: Mounting plugin VisualStudioSourceCodeAccess
LogPluginManager: Mounting plugin CryptoKeys
LogPluginManager: Mounting plugin CurveEditorTools
LogPluginManager: Mounting plugin DataValidation
LogPluginManager: Mounting plugin FacialAnimation
LogPluginManager: Mounting plugin GeometryMode
LogPluginManager: Mounting plugin GameplayTagsEditor
LogPluginManager: Mounting plugin MacGraphicsSwitching
LogPluginManager: Mounting plugin MaterialAnalyzer
LogPluginManager: Mounting plugin MobileLauncherProfileWizard
LogPluginManager: Mounting plugin PluginBrowser
LogPluginManager: Mounting plugin SpeedTreeImporter
LogPluginManager: Mounting plugin DatasmithContent
LogPluginManager: Mounting plugin VariantManagerContent
LogPluginManager: Mounting plugin AlembicImporter
LogPluginManager: Mounting plugin AutomationUtils
LogPluginManager: Mounting plugin BackChannel
LogPluginManager: Mounting plugin ChaosCloth
LogPluginManager: Mounting plugin ChaosEditor
LogPluginManager: Mounting plugin ChaosClothEditor
LogPluginManager: Mounting plugin ChaosNiagara
LogPluginManager: Mounting plugin ChaosSolverPlugin
LogPluginManager: Mounting plugin CharacterAI
LogPluginManager: Mounting plugin GeometryCache
LogPluginManager: Mounting plugin GeometryProcessing
LogPluginManager: Mounting plugin GeometryCollectionPlugin
LogPluginManager: Mounting plugin MotoSynth
LogPluginManager: Mounting plugin OpenImageDenoise
LogPluginManager: Mounting plugin PlanarCut
LogPluginManager: Mounting plugin PlatformCrypto
LogPluginManager: Mounting plugin ProxyLODPlugin
LogPluginManager: Mounting plugin PythonScriptPlugin
LogPluginManager: Mounting plugin SkeletalReduction
LogPluginManager: Mounting plugin Niagara
LogPluginManager: Mounting plugin LuminPlatformFeatures
LogPluginManager: Mounting plugin MagicLeap
LogPluginManager: Mounting plugin MagicLeapLightEstimation
LogPluginManager: Mounting plugin MagicLeapMedia
LogPluginManager: Mounting plugin MagicLeapPassableWorld
LogPluginManager: Mounting plugin MLSDK
LogPluginManager: Mounting plugin AndroidMedia
LogPluginManager: Mounting plugin AvfMedia
LogPluginManager: Mounting plugin ImgMedia
LogPluginManager: Mounting plugin MediaCompositing
LogPluginManager: Mounting plugin MediaPlayerEditor
LogPluginManager: Mounting plugin WebMMedia
LogPluginManager: Mounting plugin WmfMedia
LogPluginManager: Mounting plugin UdpMessaging
LogPluginManager: Mounting plugin TcpMessaging
LogPluginManager: Mounting plugin ActorSequence
LogPluginManager: Mounting plugin LevelSequenceEditor
LogPluginManager: Mounting plugin MatineeToLevelSequence
LogPluginManager: Mounting plugin TemplateSequence
LogPluginManager: Mounting plugin OnlineSubsystem
LogPluginManager: Mounting plugin OnlineSubsystemNull
LogPluginManager: Mounting plugin OnlineSubsystemUtils
LogPluginManager: Mounting plugin LauncherChunkInstaller
LogPluginManager: Mounting plugin ActorLayerUtilities
LogPluginManager: Mounting plugin AndroidDeviceProfileSelector
LogPluginManager: Mounting plugin AndroidPermission
LogPluginManager: Mounting plugin AndroidMoviePlayer
LogPluginManager: Mounting plugin AppleMoviePlayer
LogPluginManager: Mounting plugin AppleImageUtils
LogPluginManager: Mounting plugin ArchVisCharacter
LogPluginManager: Mounting plugin AudioCapture
LogPluginManager: Mounting plugin AssetTags
LogPluginManager: Mounting plugin CableComponent
LogPluginManager: Mounting plugin ChunkDownloader
LogPluginManager: Mounting plugin AudioSynesthesia
LogPluginManager: Mounting plugin CustomMeshComponent
LogPluginManager: Mounting plugin ExampleDeviceProfileSelector
LogPluginManager: Mounting plugin EditableMesh
LogPluginManager: Mounting plugin GoogleCloudMessaging
LogPluginManager: Mounting plugin GooglePAD
LogPluginManager: Mounting plugin IOSDeviceProfileSelector
LogPluginManager: Mounting plugin LinuxDeviceProfileSelector
LogPluginManager: Mounting plugin MobilePatchingUtils
LogPluginManager: Mounting plugin LocationServicesBPLibrary
LogPluginManager: Mounting plugin OpenXREyeTracker
LogPluginManager: Mounting plugin OpenXR
LogPluginManager: Mounting plugin OpenXRHandTracking
LogPluginManager: Mounting plugin PhysXVehicles
LogPluginManager: Mounting plugin PostSplashScreen
LogPluginManager: Mounting plugin ProceduralMeshComponent
LogPluginManager: Mounting plugin PropertyAccessEditor
LogPluginManager: Mounting plugin RuntimePhysXCooking
LogPluginManager: Mounting plugin SignificanceManager
LogPluginManager: Mounting plugin SoundFields
LogPluginManager: Mounting plugin ScreenshotTools
LogPluginManager: Mounting plugin Synthesis
LogPluginManager: Mounting plugin WebMMoviePlayer
LogPluginManager: Mounting plugin WindowsMoviePlayer
LogPluginManager: Mounting plugin Takes
LogPluginManager: Mounting plugin ContentBrowserClassDataSource
LogPluginManager: Mounting plugin ContentBrowserAssetDataSource
LogPluginManager: Mounting plugin ContentBrowserFileDataSource
LogPluginManager: Mounting plugin OnlineSubsystemGooglePlay
LogPluginManager: Mounting plugin OnlineSubsystemIOS
LogPluginManager: Mounting plugin OculusVR
LogPluginManager: Mounting plugin SteamVR
PixWinPlugin: PIX capture plugin failed to initialize! Check that the process is launched from PIX.
LogInit: Using libcurl 7.55.1-DEV
LogInit:  - built for x86_64-pc-win32
LogInit:  - supports SSL with OpenSSL/1.1.1
LogInit:  - supports HTTP deflate (compression) using libz 1.2.8
LogInit:  - other features:
LogInit:      CURL_VERSION_SSL
LogInit:      CURL_VERSION_LIBZ
LogInit:      CURL_VERSION_IPV6
LogInit:      CURL_VERSION_ASYNCHDNS
LogInit:      CURL_VERSION_LARGEFILE
LogInit:      CURL_VERSION_IDN
LogInit:  CurlRequestOptions (configurable via config and command line):
LogInit:  - bVerifyPeer = true  - Libcurl will verify peer certificate
LogInit:  - bUseHttpProxy = false  - Libcurl will NOT use HTTP proxy
LogInit:  - bDontReuseConnections = false  - Libcurl will reuse connections
LogInit:  - MaxHostConnections = 16  - Libcurl will limit the number of connections to a host
LogInit:  - LocalHostAddr = Default
LogInit:  - BufferSize = 65536
LogOnline: OSS: Creating online subsystem instance for: NULL
LogInit: WinSock: version 1.1 (2.2), MaxSocks=32767, MaxUdp=65467
LogOnline: OSS: TryLoadSubsystemAndSetDefault: Loaded subsystem for module [NULL]
LogOculusPluginWrapper: OculusPlugin initialized successfully
LogHMD: Failed initializing OVRPlugin 1.59.0
LogInit: Build: ++UE4+Release-4.27-CL-18319896
LogInit: Engine Version: 4.27.2-18319896+++UE4+Release-4.27
LogInit: Compatible Engine Version: 4.27.0-17155196+++UE4+Release-4.27
LogInit: Net CL: 17155196
LogInit: OS: Windows 10 (Release 2009) (), CPU: AMD Ryzen 5 5600X 6-Core Processor             , GPU: NVIDIA GeForce GTX 770
LogInit: Compiled (64-bit): Nov 30 2021 07:12:08
LogInit: Compiled with Visual C++: 19.24.28315.00
LogInit: Build Configuration: Development
LogInit: Branch Name: ++UE4+Release-4.27
LogInit: Command Line:  /Game/FirstPersonBP/Maps/TestingMap -game -PIEVIACONSOLE -Multiprocess GameUserSettingsINI=C:/Users/imred/OneDrive/Documents/UE4/Ex2/Saved/Config/Windows/PIEGameUserSettings0.ini -MultiprocessSaveConfig -forcepassthrough -messaging -SessionName="Play in Standalone Game" -windowed -WinX=76 -WinY=177 SAVEWINPOS=1 -ResX=1280 -ResY=720
LogInit: Base Directory: C:/Program Files/Epic Games/UE_4.27/Engine/Binaries/Win64/
LogInit: Allocator: TBB
LogInit: Installed Engine Build: 1
LogDevObjectVersion: Number of dev versions registered: 29
LogDevObjectVersion:   Dev-Blueprints (B0D832E4-1F89-4F0D-ACCF-7EB736FD4AA2): 10
LogDevObjectVersion:   Dev-Build (E1C64328-A22C-4D53-A36C-8E866417BD8C): 0
LogDevObjectVersion:   Dev-Core (375EC13C-06E4-48FB-B500-84F0262A717E): 4
LogDevObjectVersion:   Dev-Editor (E4B068ED-F494-42E9-A231-DA0B2E46BB41): 40
LogDevObjectVersion:   Dev-Framework (CFFC743F-43B0-4480-9391-14DF171D2073): 37
LogDevObjectVersion:   Dev-Mobile (B02B49B5-BB20-44E9-A304-32B752E40360): 3
LogDevObjectVersion:   Dev-Networking (A4E4105C-59A1-49B5-A7C5-40C4547EDFEE): 0
LogDevObjectVersion:   Dev-Online (39C831C9-5AE6-47DC-9A44-9C173E1C8E7C): 0
LogDevObjectVersion:   Dev-Physics (78F01B33-EBEA-4F98-B9B4-84EACCB95AA2): 14
LogDevObjectVersion:   Dev-Platform (6631380F-2D4D-43E0-8009-CF276956A95A): 0
LogDevObjectVersion:   Dev-Rendering (12F88B9F-8875-4AFC-A67C-D90C383ABD29): 45
LogDevObjectVersion:   Dev-Sequencer (7B5AE74C-D270-4C10-A958-57980B212A5A): 13
LogDevObjectVersion:   Dev-VR (D7296918-1DD6-4BDD-9DE2-64A83CC13884): 3
LogDevObjectVersion:   Dev-LoadTimes (C2A15278-BFE7-4AFE-6C17-90FF531DF755): 1
LogDevObjectVersion:   Private-Geometry (6EACA3D4-40EC-4CC1-B786-8BED09428FC5): 3
LogDevObjectVersion:   Dev-AnimPhys (29E575DD-E0A3-4627-9D10-D276232CDCEA): 17
LogDevObjectVersion:   Dev-Anim (AF43A65D-7FD3-4947-9873-3E8ED9C1BB05): 15
LogDevObjectVersion:   Dev-ReflectionCapture (6B266CEC-1EC7-4B8F-A30B-E4D90942FC07): 1
LogDevObjectVersion:   Dev-Automation (0DF73D61-A23F-47EA-B727-89E90C41499A): 1
LogDevObjectVersion:   FortniteMain (601D1886-AC64-4F84-AA16-D3DE0DEAC7D6): 47
LogDevObjectVersion:   FortniteRelease (E7086368-6B23-4C58-8439-1B7016265E91): 1
LogDevObjectVersion:   Dev-Enterprise (9DFFBCD6-494F-0158-E221-12823C92A888): 10
LogDevObjectVersion:   Dev-Niagara (F2AED0AC-9AFE-416F-8664-AA7FFA26D6FC): 1
LogDevObjectVersion:   Dev-Destruction (174F1F0B-B4C6-45A5-B13F-2EE8D0FB917D): 10
LogDevObjectVersion:   Dev-Physics-Ext (35F94A83-E258-406C-A318-09F59610247C): 41
LogDevObjectVersion:   Dev-PhysicsMaterial-Chaos (B68FC16E-8B1B-42E2-B453-215C058844FE): 1
LogDevObjectVersion:   Dev-CineCamera (B2E18506-4273-CFC2-A54E-F4BB758BBA07): 1
LogDevObjectVersion:   Dev-VirtualProduction (64F58936-FD1B-42BA-BA96-7289D5D0FA4E): 1
LogDevObjectVersion:   Dev-MediaFramework (6F0ED827-A609-4895-9C91-998D90180EA4): 2
LogInit: Presizing for max 25165824 objects, including 0 objects not considered by GC, pre-allocating 0 bytes for permanent pool.
LogConfig: Applying CVar settings from Section [/Script/Engine.StreamingSettings] File [C:/Users/imred/OneDrive/Documents/UE4/Ex2/Saved/Config/Windows/Engine.ini]
LogConfig: Setting CVar [[s.MinBulkDataSizeForAsyncLoading:131072]]
LogConfig: Setting CVar [[s.AsyncLoadingThreadEnabled:0]]
LogConfig: Setting CVar [[s.EventDrivenLoaderEnabled:1]]
LogConfig: Setting CVar [[s.WarnIfTimeLimitExceeded:0]]
LogConfig: Setting CVar [[s.TimeLimitExceededMultiplier:1.5]]
LogConfig: Setting CVar [[s.TimeLimitExceededMinTime:0.005]]
LogConfig: Setting CVar [[s.UseBackgroundLevelStreaming:1]]
LogConfig: Setting CVar [[s.PriorityAsyncLoadingExtraTime:15.0]]
LogConfig: Setting CVar [[s.LevelStreamingActorsUpdateTimeLimit:5.0]]
LogConfig: Setting CVar [[s.PriorityLevelStreamingActorsUpdateExtraTime:5.0]]
LogConfig: Setting CVar [[s.LevelStreamingComponentsRegistrationGranularity:10]]
LogConfig: Setting CVar [[s.UnregisterComponentsTimeLimit:1.0]]
LogConfig: Setting CVar [[s.LevelStreamingComponentsUnregistrationGranularity:5]]
LogConfig: Setting CVar [[s.FlushStreamingOnExit:1]]
LogInit: Object subsystem initialized
LogConfig: Setting CVar [[con.DebugEarlyDefault:1]]
LogConfig: Setting CVar [[r.setres:1280x720]]
[2023.08.15-23.08.49:802][  0]LogConfig: Setting CVar [[con.DebugEarlyDefault:1]]
[2023.08.15-23.08.49:802][  0]LogConfig: Setting CVar [[r.setres:1280x720]]
[2023.08.15-23.08.49:802][  0]LogConfig: Applying CVar settings from Section [/Script/Engine.RendererSettings] File [C:/Users/imred/OneDrive/Documents/UE4/Ex2/Saved/Config/Windows/Engine.ini]
[2023.08.15-23.08.49:802][  0]LogConfig: Setting CVar [[r.GPUCrashDebugging:0]]
[2023.08.15-23.08.49:802][  0]LogConfig: Setting CVar [[r.DefaultFeature.MotionBlur:0]]
[2023.08.15-23.08.49:802][  0]LogConfig: Applying CVar settings from Section [/Script/Engine.RendererOverrideSettings] File [C:/Users/imred/OneDrive/Documents/UE4/Ex2/Saved/Config/Windows/Engine.ini]
[2023.08.15-23.08.49:802][  0]LogConfig: Applying CVar settings from Section [/Script/Engine.StreamingSettings] File [C:/Users/imred/OneDrive/Documents/UE4/Ex2/Saved/Config/Windows/Engine.ini]
[2023.08.15-23.08.49:802][  0]LogConfig: Setting CVar [[s.MinBulkDataSizeForAsyncLoading:131072]]
[2023.08.15-23.08.49:802][  0]LogConfig: Setting CVar [[s.AsyncLoadingThreadEnabled:0]]
[2023.08.15-23.08.49:802][  0]LogConfig: Setting CVar [[s.EventDrivenLoaderEnabled:1]]
[2023.08.15-23.08.49:802][  0]LogConfig: Setting CVar [[s.WarnIfTimeLimitExceeded:0]]
[2023.08.15-23.08.49:802][  0]LogConfig: Setting CVar [[s.TimeLimitExceededMultiplier:1.5]]
[2023.08.15-23.08.49:802][  0]LogConfig: Setting CVar [[s.TimeLimitExceededMinTime:0.005]]
[2023.08.15-23.08.49:802][  0]LogConfig: Setting CVar [[s.UseBackgroundLevelStreaming:1]]
[2023.08.15-23.08.49:802][  0]LogConfig: Setting CVar [[s.PriorityAsyncLoadingExtraTime:15.0]]
[2023.08.15-23.08.49:802][  0]LogConfig: Setting CVar [[s.LevelStreamingActorsUpdateTimeLimit:5.0]]
[2023.08.15-23.08.49:802][  0]LogConfig: Setting CVar [[s.PriorityLevelStreamingActorsUpdateExtraTime:5.0]]
[2023.08.15-23.08.49:802][  0]LogConfig: Setting CVar [[s.LevelStreamingComponentsRegistrationGranularity:10]]
[2023.08.15-23.08.49:802][  0]LogConfig: Setting CVar [[s.UnregisterComponentsTimeLimit:1.0]]
[2023.08.15-23.08.49:802][  0]LogConfig: Setting CVar [[s.LevelStreamingComponentsUnregistrationGranularity:5]]
[2023.08.15-23.08.49:802][  0]LogConfig: Setting CVar [[s.FlushStreamingOnExit:1]]
[2023.08.15-23.08.49:802][  0]LogConfig: Applying CVar settings from Section [/Script/Engine.GarbageCollectionSettings] File [C:/Users/imred/OneDrive/Documents/UE4/Ex2/Saved/Config/Windows/Engine.ini]
[2023.08.15-23.08.49:802][  0]LogConfig: Setting CVar [[gc.MaxObjectsNotConsideredByGC:1]]
[2023.08.15-23.08.49:802][  0]LogConfig: Setting CVar [[gc.SizeOfPermanentObjectPool:0]]
[2023.08.15-23.08.49:802][  0]LogConfig: Setting CVar [[gc.FlushStreamingOnGC:0]]
[2023.08.15-23.08.49:802][  0]LogConfig: Setting CVar [[gc.NumRetriesBeforeForcingGC:10]]
[2023.08.15-23.08.49:802][  0]LogConfig: Setting CVar [[gc.AllowParallelGC:1]]
[2023.08.15-23.08.49:802][  0]LogConfig: Setting CVar [[gc.TimeBetweenPurgingPendingKillObjects:61.1]]
[2023.08.15-23.08.49:802][  0]LogConfig: Setting CVar [[gc.MaxObjectsInEditor:25165824]]
[2023.08.15-23.08.49:802][  0]LogConfig: Setting CVar [[gc.IncrementalBeginDestroyEnabled:1]]
[2023.08.15-23.08.49:802][  0]LogConfig: Setting CVar [[gc.CreateGCClusters:1]]
[2023.08.15-23.08.49:802][  0]LogConfig: Setting CVar [[gc.MinGCClusterSize:5]]
[2023.08.15-23.08.49:802][  0]LogConfig: Setting CVar [[gc.ActorClusteringEnabled:0]]
[2023.08.15-23.08.49:802][  0]LogConfig: Setting CVar [[gc.BlueprintClusteringEnabled:0]]
[2023.08.15-23.08.49:802][  0]LogConfig: Setting CVar [[gc.UseDisregardForGCOnDedicatedServers:0]]
[2023.08.15-23.08.49:802][  0]LogConfig: Setting CVar [[gc.MultithreadedDestructionEnabled:1]]
[2023.08.15-23.08.49:802][  0]LogConfig: Applying CVar settings from Section [/Script/Engine.NetworkSettings] File [C:/Users/imred/OneDrive/Documents/UE4/Ex2/Saved/Config/Windows/Engine.ini]
[2023.08.15-23.08.49:802][  0]LogConfig: Applying CVar settings from Section [/Script/UnrealEd.CookerSettings] File [C:/Users/imred/OneDrive/Documents/UE4/Ex2/Saved/Config/Windows/Engine.ini]
[2023.08.15-23.08.49:809][  0]LogConfig: Applying CVar settings from Section [ViewDistanceQuality@3] File [C:/Users/imred/OneDrive/Documents/UE4/Ex2/Saved/Config/Windows/Scalability.ini]
[2023.08.15-23.08.49:809][  0]LogConfig: Setting CVar [[r.SkeletalMeshLODBias:0]]
[2023.08.15-23.08.49:809][  0]LogConfig: Setting CVar [[r.ViewDistanceScale:1.0]]
[2023.08.15-23.08.49:809][  0]LogConfig: Applying CVar settings from Section [AntiAliasingQuality@3] File [C:/Users/imred/OneDrive/Documents/UE4/Ex2/Saved/Config/Windows/Scalability.ini]
[2023.08.15-23.08.49:809][  0]LogConfig: Setting CVar [[r.PostProcessAAQuality:4]]
[2023.08.15-23.08.49:809][  0]LogConfig: Applying CVar settings from Section [ShadowQuality@3] File [C:/Users/imred/OneDrive/Documents/UE4/Ex2/Saved/Config/Windows/Scalability.ini]
[2023.08.15-23.08.49:809][  0]LogConfig: Setting CVar [[r.LightFunctionQuality:1]]
[2023.08.15-23.08.49:809][  0]LogConfig: Setting CVar [[r.ShadowQuality:5]]
[2023.08.15-23.08.49:809][  0]LogConfig: Setting CVar [[r.Shadow.CSM.MaxCascades:10]]
[2023.08.15-23.08.49:809][  0]LogConfig: Setting CVar [[r.Shadow.MaxResolution:2048]]
[2023.08.15-23.08.49:809][  0]LogConfig: Setting CVar [[r.Shadow.MaxCSMResolution:2048]]
[2023.08.15-23.08.49:809][  0]LogConfig: Setting CVar [[r.Shadow.RadiusThreshold:0.01]]
[2023.08.15-23.08.49:809][  0]LogConfig: Setting CVar [[r.Shadow.DistanceScale:1.0]]
[2023.08.15-23.08.49:809][  0]LogConfig: Setting CVar [[r.Shadow.CSM.TransitionScale:1.0]]
[2023.08.15-23.08.49:809][  0]LogConfig: Setting CVar [[r.Shadow.PreShadowResolutionFactor:1.0]]
[2023.08.15-23.08.49:809][  0]LogConfig: Setting CVar [[r.DistanceFieldShadowing:1]]
[2023.08.15-23.08.49:809][  0]LogConfig: Setting CVar [[r.DistanceFieldAO:1]]
[2023.08.15-23.08.49:809][  0]LogConfig: Setting CVar [[r.AOQuality:2]]
[2023.08.15-23.08.49:809][  0]LogConfig: Setting CVar [[r.VolumetricFog:1]]
[2023.08.15-23.08.49:809][  0]LogConfig: Setting CVar [[r.VolumetricFog.GridPixelSize:8]]
[2023.08.15-23.08.49:809][  0]LogConfig: Setting CVar [[r.VolumetricFog.GridSizeZ:128]]
[2023.08.15-23.08.49:809][  0]LogConfig: Setting CVar [[r.VolumetricFog.HistoryMissSupersampleCount:4]]
[2023.08.15-23.08.49:809][  0]LogConfig: Setting CVar [[r.LightMaxDrawDistanceScale:1]]
[2023.08.15-23.08.49:809][  0]LogConfig: Setting CVar [[r.CapsuleShadows:1]]
[2023.08.15-23.08.49:809][  0]LogConfig: Applying CVar settings from Section [PostProcessQuality@3] File [C:/Users/imred/OneDrive/Documents/UE4/Ex2/Saved/Config/Windows/Scalability.ini]
[2023.08.15-23.08.49:809][  0]LogConfig: Setting CVar [[r.MotionBlurQuality:4]]
[2023.08.15-23.08.49:809][  0]LogConfig: Setting CVar [[r.AmbientOcclusionMipLevelFactor:0.4]]
[2023.08.15-23.08.49:809][  0]LogConfig: Setting CVar [[r.AmbientOcclusionMaxQuality:100]]
[2023.08.15-23.08.49:809][  0]LogConfig: Setting CVar [[r.AmbientOcclusionLevels:-1]]
[2023.08.15-23.08.49:809][  0]LogConfig: Setting CVar [[r.AmbientOcclusionRadiusScale:1.0]]
[2023.08.15-23.08.49:809][  0]LogConfig: Setting CVar [[r.DepthOfFieldQuality:2]]
[2023.08.15-23.08.49:809][  0]LogConfig: Setting CVar [[r.RenderTargetPoolMin:400]]
[2023.08.15-23.08.49:809][  0]LogConfig: Setting CVar [[r.LensFlareQuality:2]]
[2023.08.15-23.08.49:809][  0]LogConfig: Setting CVar [[r.SceneColorFringeQuality:1]]
[2023.08.15-23.08.49:809][  0]LogConfig: Setting CVar [[r.EyeAdaptationQuality:2]]
[2023.08.15-23.08.49:810][  0]LogConfig: Setting CVar [[r.BloomQuality:5]]
[2023.08.15-23.08.49:810][  0]LogConfig: Setting CVar [[r.FastBlurThreshold:100]]
[2023.08.15-23.08.49:810][  0]LogConfig: Setting CVar [[r.Upscale.Quality:3]]
[2023.08.15-23.08.49:810][  0]LogConfig: Setting CVar [[r.Tonemapper.GrainQuantization:1]]
[2023.08.15-23.08.49:810][  0]LogConfig: Setting CVar [[r.LightShaftQuality:1]]
[2023.08.15-23.08.49:810][  0]LogConfig: Setting CVar [[r.Filter.SizeScale:1]]
[2023.08.15-23.08.49:810][  0]LogConfig: Setting CVar [[r.Tonemapper.Quality:5]]
[2023.08.15-23.08.49:810][  0]LogConfig: Setting CVar [[r.DOF.Gather.AccumulatorQuality:1        ; higher gathering accumulator quality]]
[2023.08.15-23.08.49:810][  0]LogConfig: Setting CVar [[r.DOF.Gather.PostfilterMethod:1          ; Median3x3 postfilering method]]
[2023.08.15-23.08.49:810][  0]LogConfig: Setting CVar [[r.DOF.Gather.EnableBokehSettings:0       ; no bokeh simulation when gathering]]
[2023.08.15-23.08.49:810][  0]LogConfig: Setting CVar [[r.DOF.Gather.RingCount:4                 ; medium number of samples when gathering]]
[2023.08.15-23.08.49:810][  0]LogConfig: Setting CVar [[r.DOF.Scatter.ForegroundCompositing:1    ; additive foreground scattering]]
[2023.08.15-23.08.49:810][  0]LogConfig: Setting CVar [[r.DOF.Scatter.BackgroundCompositing:2    ; additive background scattering]]
[2023.08.15-23.08.49:810][  0]LogConfig: Setting CVar [[r.DOF.Scatter.EnableBokehSettings:1      ; bokeh simulation when scattering]]
[2023.08.15-23.08.49:810][  0]LogConfig: Setting CVar [[r.DOF.Scatter.MaxSpriteRatio:0.1         ; only a maximum of 10% of scattered bokeh]]
[2023.08.15-23.08.49:810][  0]LogConfig: Setting CVar [[r.DOF.Recombine.Quality:1                ; cheap slight out of focus]]
[2023.08.15-23.08.49:810][  0]LogConfig: Setting CVar [[r.DOF.Recombine.EnableBokehSettings:0    ; no bokeh simulation on slight out of focus]]
[2023.08.15-23.08.49:810][  0]LogConfig: Setting CVar [[r.DOF.TemporalAAQuality:1                ; more stable temporal accumulation]]
[2023.08.15-23.08.49:810][  0]LogConfig: Setting CVar [[r.DOF.Kernel.MaxForegroundRadius:0.025]]
[2023.08.15-23.08.49:810][  0]LogConfig: Setting CVar [[r.DOF.Kernel.MaxBackgroundRadius:0.025]]
[2023.08.15-23.08.49:810][  0]LogConfig: Applying CVar settings from Section [TextureQuality@3] File [C:/Users/imred/OneDrive/Documents/UE4/Ex2/Saved/Config/Windows/Scalability.ini]
[2023.08.15-23.08.49:810][  0]LogConfig: Setting CVar [[r.Streaming.MipBias:0]]
[2023.08.15-23.08.49:810][  0]LogConfig: Setting CVar [[r.Streaming.AmortizeCPUToGPUCopy:0]]
[2023.08.15-23.08.49:810][  0]LogConfig: Setting CVar [[r.Streaming.MaxNumTexturesToStreamPerFrame:0]]
[2023.08.15-23.08.49:810][  0]LogConfig: Setting CVar [[r.Streaming.Boost:1]]
[2023.08.15-23.08.49:810][  0]LogConfig: Setting CVar [[r.MaxAnisotropy:8]]
[2023.08.15-23.08.49:810][  0]LogConfig: Setting CVar [[r.VT.MaxAnisotropy:8]]
[2023.08.15-23.08.49:810][  0]LogConfig: Setting CVar [[r.Streaming.LimitPoolSizeToVRAM:0]]
[2023.08.15-23.08.49:810][  0]LogConfig: Setting CVar [[r.Streaming.PoolSize:1000]]
[2023.08.15-23.08.49:810][  0]LogConfig: Setting CVar [[r.Streaming.MaxEffectiveScreenSize:0]]
[2023.08.15-23.08.49:810][  0]LogConfig: Applying CVar settings from Section [EffectsQuality@3] File [C:/Users/imred/OneDrive/Documents/UE4/Ex2/Saved/Config/Windows/Scalability.ini]
[2023.08.15-23.08.49:810][  0]LogConfig: Setting CVar [[r.TranslucencyLightingVolumeDim:64]]
[2023.08.15-23.08.49:810][  0]LogConfig: Setting CVar [[r.RefractionQuality:2]]
[2023.08.15-23.08.49:810][  0]LogConfig: Setting CVar [[r.SSR.Quality:3]]
[2023.08.15-23.08.49:810][  0]LogConfig: Setting CVar [[r.SSR.HalfResSceneColor:0]]
[2023.08.15-23.08.49:810][  0]LogConfig: Setting CVar [[r.SceneColorFormat:4]]
[2023.08.15-23.08.49:810][  0]LogConfig: Setting CVar [[r.DetailMode:2]]
[2023.08.15-23.08.49:810][  0]LogConfig: Setting CVar [[r.TranslucencyVolumeBlur:1]]
[2023.08.15-23.08.49:810][  0]LogConfig: Setting CVar [[r.MaterialQualityLevel:1 ; High quality]]
[2023.08.15-23.08.49:810][  0]LogConfig: Setting CVar [[r.AnisotropicMaterials:1]]
[2023.08.15-23.08.49:810][  0]LogConfig: Setting CVar [[r.SSS.Scale:1]]
[2023.08.15-23.08.49:810][  0]LogConfig: Setting CVar [[r.SSS.SampleSet:2]]
[2023.08.15-23.08.49:810][  0]LogConfig: Setting CVar [[r.SSS.Quality:1]]
[2023.08.15-23.08.49:810][  0]LogConfig: Setting CVar [[r.SSS.HalfRes:0]]
[2023.08.15-23.08.49:810][  0]LogConfig: Setting CVar [[r.SSGI.Quality:3]]
[2023.08.15-23.08.49:810][  0]LogConfig: Setting CVar [[r.EmitterSpawnRateScale:1.0]]
[2023.08.15-23.08.49:810][  0]LogConfig: Setting CVar [[r.ParticleLightQuality:2]]
[2023.08.15-23.08.49:810][  0]LogConfig: Setting CVar [[r.SkyAtmosphere.AerialPerspectiveLUT.FastApplyOnOpaque:1 ; Always have FastSkyLUT 1 in this case to avoid wrong sky]]
[2023.08.15-23.08.49:810][  0]LogConfig: Setting CVar [[r.SkyAtmosphere.AerialPerspectiveLUT.SampleCountMaxPerSlice:4]]
[2023.08.15-23.08.49:810][  0]LogConfig: Setting CVar [[r.SkyAtmosphere.AerialPerspectiveLUT.DepthResolution:16.0]]
[2023.08.15-23.08.49:810][  0]LogConfig: Setting CVar [[r.SkyAtmosphere.FastSkyLUT:1]]
[2023.08.15-23.08.49:810][  0]LogConfig: Setting CVar [[r.SkyAtmosphere.FastSkyLUT.SampleCountMin:4.0]]
[2023.08.15-23.08.49:810][  0]LogConfig: Setting CVar [[r.SkyAtmosphere.FastSkyLUT.SampleCountMax:128.0]]
[2023.08.15-23.08.49:810][  0]LogConfig: Setting CVar [[r.SkyAtmosphere.SampleCountMin:4.0]]
[2023.08.15-23.08.49:810][  0]LogConfig: Setting CVar [[r.SkyAtmosphere.SampleCountMax:128.0]]
[2023.08.15-23.08.49:810][  0]LogConfig: Setting CVar [[r.SkyAtmosphere.TransmittanceLUT.UseSmallFormat:0]]
[2023.08.15-23.08.49:810][  0]LogConfig: Setting CVar [[r.SkyAtmosphere.TransmittanceLUT.SampleCount:10.0]]
[2023.08.15-23.08.49:810][  0]LogConfig: Setting CVar [[r.SkyAtmosphere.MultiScatteringLUT.SampleCount:15.0]]
[2023.08.15-23.08.49:810][  0]LogConfig: Setting CVar [[r.SkyLight.RealTimeReflectionCapture:1]]
[2023.08.15-23.08.49:810][  0]LogConfig: Applying CVar settings from Section [FoliageQuality@3] File [C:/Users/imred/OneDrive/Documents/UE4/Ex2/Saved/Config/Windows/Scalability.ini]
[2023.08.15-23.08.49:810][  0]LogConfig: Setting CVar [[foliage.DensityScale:1.0]]
[2023.08.15-23.08.49:810][  0]LogConfig: Setting CVar [[grass.DensityScale:1.0]]
[2023.08.15-23.08.49:810][  0]LogConfig: Applying CVar settings from Section [ShadingQuality@3] File [C:/Users/imred/OneDrive/Documents/UE4/Ex2/Saved/Config/Windows/Scalability.ini]
[2023.08.15-23.08.49:810][  0]LogConfig: Setting CVar [[r.HairStrands.SkyLighting.IntegrationType:2]]
[2023.08.15-23.08.49:810][  0]LogConfig: Setting CVar [[r.HairStrands.SkyAO.SampleCount:4]]
[2023.08.15-23.08.49:810][  0]LogConfig: Setting CVar [[r.HairStrands.Visibility.MSAA.SamplePerPixel:4]]
[2023.08.15-23.08.49:810][  0]LogInit: Selected Device Profile: [Windows]
[2023.08.15-23.08.49:810][  0]LogInit: Applying CVar settings loaded from the selected device profile: [Windows]
[2023.08.15-23.08.49:810][  0]LogHAL: Display: Platform has ~ 64 GB [68641980416 / 68719476736 / 64], which maps to Largest [LargestMinGB=32, LargerMinGB=12, DefaultMinGB=8, SmallerMinGB=6, SmallestMinGB=0)
[2023.08.15-23.08.49:810][  0]LogInit: Going up to parent DeviceProfile []
[2023.08.15-23.08.49:810][  0]LogConfig: Applying CVar settings from Section [ViewDistanceQuality@3] File [C:/Users/imred/OneDrive/Documents/UE4/Ex2/Saved/Config/Windows/Scalability.ini]
[2023.08.15-23.08.49:810][  0]LogConfig: Setting CVar [[r.SkeletalMeshLODBias:0]]
[2023.08.15-23.08.49:810][  0]LogConfig: Setting CVar [[r.ViewDistanceScale:1.0]]
[2023.08.15-23.08.49:810][  0]LogConfig: Applying CVar settings from Section [AntiAliasingQuality@3] File [C:/Users/imred/OneDrive/Documents/UE4/Ex2/Saved/Config/Windows/Scalability.ini]
[2023.08.15-23.08.49:810][  0]LogConfig: Setting CVar [[r.PostProcessAAQuality:4]]
[2023.08.15-23.08.49:810][  0]LogConfig: Applying CVar settings from Section [ShadowQuality@3] File [C:/Users/imred/OneDrive/Documents/UE4/Ex2/Saved/Config/Windows/Scalability.ini]
[2023.08.15-23.08.49:810][  0]LogConfig: Setting CVar [[r.LightFunctionQuality:1]]
[2023.08.15-23.08.49:810][  0]LogConfig: Setting CVar [[r.ShadowQuality:5]]
[2023.08.15-23.08.49:810][  0]LogConfig: Setting CVar [[r.Shadow.CSM.MaxCascades:10]]
[2023.08.15-23.08.49:810][  0]LogConfig: Setting CVar [[r.Shadow.MaxResolution:2048]]
[2023.08.15-23.08.49:810][  0]LogConfig: Setting CVar [[r.Shadow.MaxCSMResolution:2048]]
[2023.08.15-23.08.49:810][  0]LogConfig: Setting CVar [[r.Shadow.RadiusThreshold:0.01]]
[2023.08.15-23.08.49:810][  0]LogConfig: Setting CVar [[r.Shadow.DistanceScale:1.0]]
[2023.08.15-23.08.49:810][  0]LogConfig: Setting CVar [[r.Shadow.CSM.TransitionScale:1.0]]
[2023.08.15-23.08.49:810][  0]LogConfig: Setting CVar [[r.Shadow.PreShadowResolutionFactor:1.0]]
[2023.08.15-23.08.49:810][  0]LogConfig: Setting CVar [[r.DistanceFieldShadowing:1]]
[2023.08.15-23.08.49:810][  0]LogConfig: Setting CVar [[r.DistanceFieldAO:1]]
[2023.08.15-23.08.49:810][  0]LogConfig: Setting CVar [[r.AOQuality:2]]
[2023.08.15-23.08.49:810][  0]LogConfig: Setting CVar [[r.VolumetricFog:1]]
[2023.08.15-23.08.49:810][  0]LogConfig: Setting CVar [[r.VolumetricFog.GridPixelSize:8]]
[2023.08.15-23.08.49:810][  0]LogConfig: Setting CVar [[r.VolumetricFog.GridSizeZ:128]]
[2023.08.15-23.08.49:810][  0]LogConfig: Setting CVar [[r.VolumetricFog.HistoryMissSupersampleCount:4]]
[2023.08.15-23.08.49:810][  0]LogConfig: Setting CVar [[r.LightMaxDrawDistanceScale:1]]
[2023.08.15-23.08.49:810][  0]LogConfig: Setting CVar [[r.CapsuleShadows:1]]
[2023.08.15-23.08.49:810][  0]LogConfig: Applying CVar settings from Section [PostProcessQuality@3] File [C:/Users/imred/OneDrive/Documents/UE4/Ex2/Saved/Config/Windows/Scalability.ini]
[2023.08.15-23.08.49:810][  0]LogConfig: Setting CVar [[r.MotionBlurQuality:4]]
[2023.08.15-23.08.49:810][  0]LogConfig: Setting CVar [[r.AmbientOcclusionMipLevelFactor:0.4]]
[2023.08.15-23.08.49:810][  0]LogConfig: Setting CVar [[r.AmbientOcclusionMaxQuality:100]]
[2023.08.15-23.08.49:810][  0]LogConfig: Setting CVar [[r.AmbientOcclusionLevels:-1]]
[2023.08.15-23.08.49:810][  0]LogConfig: Setting CVar [[r.AmbientOcclusionRadiusScale:1.0]]
[2023.08.15-23.08.49:810][  0]LogConfig: Setting CVar [[r.DepthOfFieldQuality:2]]
[2023.08.15-23.08.49:810][  0]LogConfig: Setting CVar [[r.RenderTargetPoolMin:400]]
[2023.08.15-23.08.49:810][  0]LogConfig: Setting CVar [[r.LensFlareQuality:2]]
[2023.08.15-23.08.49:810][  0]LogConfig: Setting CVar [[r.SceneColorFringeQuality:1]]
[2023.08.15-23.08.49:810][  0]LogConfig: Setting CVar [[r.EyeAdaptationQuality:2]]
[2023.08.15-23.08.49:811][  0]LogConfig: Setting CVar [[r.BloomQuality:5]]
[2023.08.15-23.08.49:811][  0]LogConfig: Setting CVar [[r.FastBlurThreshold:100]]
[2023.08.15-23.08.49:811][  0]LogConfig: Setting CVar [[r.Upscale.Quality:3]]
[2023.08.15-23.08.49:811][  0]LogConfig: Setting CVar [[r.Tonemapper.GrainQuantization:1]]
[2023.08.15-23.08.49:811][  0]LogConfig: Setting CVar [[r.LightShaftQuality:1]]
[2023.08.15-23.08.49:811][  0]LogConfig: Setting CVar [[r.Filter.SizeScale:1]]
[2023.08.15-23.08.49:811][  0]LogConfig: Setting CVar [[r.Tonemapper.Quality:5]]
[2023.08.15-23.08.49:811][  0]LogConfig: Setting CVar [[r.DOF.Gather.AccumulatorQuality:1        ; higher gathering accumulator quality]]
[2023.08.15-23.08.49:811][  0]LogConfig: Setting CVar [[r.DOF.Gather.PostfilterMethod:1          ; Median3x3 postfilering method]]
[2023.08.15-23.08.49:811][  0]LogConfig: Setting CVar [[r.DOF.Gather.EnableBokehSettings:0       ; no bokeh simulation when gathering]]
[2023.08.15-23.08.49:811][  0]LogConfig: Setting CVar [[r.DOF.Gather.RingCount:4                 ; medium number of samples when gathering]]
[2023.08.15-23.08.49:811][  0]LogConfig: Setting CVar [[r.DOF.Scatter.ForegroundCompositing:1    ; additive foreground scattering]]
[2023.08.15-23.08.49:811][  0]LogConfig: Setting CVar [[r.DOF.Scatter.BackgroundCompositing:2    ; additive background scattering]]
[2023.08.15-23.08.49:811][  0]LogConfig: Setting CVar [[r.DOF.Scatter.EnableBokehSettings:1      ; bokeh simulation when scattering]]
[2023.08.15-23.08.49:811][  0]LogConfig: Setting CVar [[r.DOF.Scatter.MaxSpriteRatio:0.1         ; only a maximum of 10% of scattered bokeh]]
[2023.08.15-23.08.49:811][  0]LogConfig: Setting CVar [[r.DOF.Recombine.Quality:1                ; cheap slight out of focus]]
[2023.08.15-23.08.49:811][  0]LogConfig: Setting CVar [[r.DOF.Recombine.EnableBokehSettings:0    ; no bokeh simulation on slight out of focus]]
[2023.08.15-23.08.49:811][  0]LogConfig: Setting CVar [[r.DOF.TemporalAAQuality:1                ; more stable temporal accumulation]]
[2023.08.15-23.08.49:811][  0]LogConfig: Setting CVar [[r.DOF.Kernel.MaxForegroundRadius:0.025]]
[2023.08.15-23.08.49:811][  0]LogConfig: Setting CVar [[r.DOF.Kernel.MaxBackgroundRadius:0.025]]
[2023.08.15-23.08.49:811][  0]LogConfig: Applying CVar settings from Section [TextureQuality@3] File [C:/Users/imred/OneDrive/Documents/UE4/Ex2/Saved/Config/Windows/Scalability.ini]
[2023.08.15-23.08.49:811][  0]LogConfig: Setting CVar [[r.Streaming.MipBias:0]]
[2023.08.15-23.08.49:811][  0]LogConfig: Setting CVar [[r.Streaming.AmortizeCPUToGPUCopy:0]]
[2023.08.15-23.08.49:811][  0]LogConfig: Setting CVar [[r.Streaming.MaxNumTexturesToStreamPerFrame:0]]
[2023.08.15-23.08.49:811][  0]LogConfig: Setting CVar [[r.Streaming.Boost:1]]
[2023.08.15-23.08.49:811][  0]LogConfig: Setting CVar [[r.MaxAnisotropy:8]]
[2023.08.15-23.08.49:811][  0]LogConfig: Setting CVar [[r.VT.MaxAnisotropy:8]]
[2023.08.15-23.08.49:811][  0]LogConfig: Setting CVar [[r.Streaming.LimitPoolSizeToVRAM:0]]
[2023.08.15-23.08.49:811][  0]LogConfig: Setting CVar [[r.Streaming.PoolSize:1000]]
[2023.08.15-23.08.49:811][  0]LogConfig: Setting CVar [[r.Streaming.MaxEffectiveScreenSize:0]]
[2023.08.15-23.08.49:811][  0]LogConfig: Applying CVar settings from Section [EffectsQuality@3] File [C:/Users/imred/OneDrive/Documents/UE4/Ex2/Saved/Config/Windows/Scalability.ini]
[2023.08.15-23.08.49:811][  0]LogConfig: Setting CVar [[r.TranslucencyLightingVolumeDim:64]]
[2023.08.15-23.08.49:811][  0]LogConfig: Setting CVar [[r.RefractionQuality:2]]
[2023.08.15-23.08.49:811][  0]LogConfig: Setting CVar [[r.SSR.Quality:3]]
[2023.08.15-23.08.49:811][  0]LogConfig: Setting CVar [[r.SSR.HalfResSceneColor:0]]
[2023.08.15-23.08.49:811][  0]LogConfig: Setting CVar [[r.SceneColorFormat:4]]
[2023.08.15-23.08.49:811][  0]LogConfig: Setting CVar [[r.DetailMode:2]]
[2023.08.15-23.08.49:811][  0]LogConfig: Setting CVar [[r.TranslucencyVolumeBlur:1]]
[2023.08.15-23.08.49:811][  0]LogConfig: Setting CVar [[r.MaterialQualityLevel:1 ; High quality]]
[2023.08.15-23.08.49:811][  0]LogConfig: Setting CVar [[r.AnisotropicMaterials:1]]
[2023.08.15-23.08.49:811][  0]LogConfig: Setting CVar [[r.SSS.Scale:1]]
[2023.08.15-23.08.49:811][  0]LogConfig: Setting CVar [[r.SSS.SampleSet:2]]
[2023.08.15-23.08.49:811][  0]LogConfig: Setting CVar [[r.SSS.Quality:1]]
[2023.08.15-23.08.49:811][  0]LogConfig: Setting CVar [[r.SSS.HalfRes:0]]
[2023.08.15-23.08.49:811][  0]LogConfig: Setting CVar [[r.SSGI.Quality:3]]
[2023.08.15-23.08.49:811][  0]LogConfig: Setting CVar [[r.EmitterSpawnRateScale:1.0]]
[2023.08.15-23.08.49:811][  0]LogConfig: Setting CVar [[r.ParticleLightQuality:2]]
[2023.08.15-23.08.49:811][  0]LogConfig: Setting CVar [[r.SkyAtmosphere.AerialPerspectiveLUT.FastApplyOnOpaque:1 ; Always have FastSkyLUT 1 in this case to avoid wrong sky]]
[2023.08.15-23.08.49:811][  0]LogConfig: Setting CVar [[r.SkyAtmosphere.AerialPerspectiveLUT.SampleCountMaxPerSlice:4]]
[2023.08.15-23.08.49:811][  0]LogConfig: Setting CVar [[r.SkyAtmosphere.AerialPerspectiveLUT.DepthResolution:16.0]]
[2023.08.15-23.08.49:811][  0]LogConfig: Setting CVar [[r.SkyAtmosphere.FastSkyLUT:1]]
[2023.08.15-23.08.49:811][  0]LogConfig: Setting CVar [[r.SkyAtmosphere.FastSkyLUT.SampleCountMin:4.0]]
[2023.08.15-23.08.49:811][  0]LogConfig: Setting CVar [[r.SkyAtmosphere.FastSkyLUT.SampleCountMax:128.0]]
[2023.08.15-23.08.49:811][  0]LogConfig: Setting CVar [[r.SkyAtmosphere.SampleCountMin:4.0]]
[2023.08.15-23.08.49:811][  0]LogConfig: Setting CVar [[r.SkyAtmosphere.SampleCountMax:128.0]]
[2023.08.15-23.08.49:811][  0]LogConfig: Setting CVar [[r.SkyAtmosphere.TransmittanceLUT.UseSmallFormat:0]]
[2023.08.15-23.08.49:811][  0]LogConfig: Setting CVar [[r.SkyAtmosphere.TransmittanceLUT.SampleCount:10.0]]
[2023.08.15-23.08.49:811][  0]LogConfig: Setting CVar [[r.SkyAtmosphere.MultiScatteringLUT.SampleCount:15.0]]
[2023.08.15-23.08.49:811][  0]LogConfig: Setting CVar [[r.SkyLight.RealTimeReflectionCapture:1]]
[2023.08.15-23.08.49:811][  0]LogConfig: Applying CVar settings from Section [FoliageQuality@3] File [C:/Users/imred/OneDrive/Documents/UE4/Ex2/Saved/Config/Windows/Scalability.ini]
[2023.08.15-23.08.49:811][  0]LogConfig: Setting CVar [[foliage.DensityScale:1.0]]
[2023.08.15-23.08.49:811][  0]LogConfig: Setting CVar [[grass.DensityScale:1.0]]
[2023.08.15-23.08.49:811][  0]LogConfig: Applying CVar settings from Section [ShadingQuality@3] File [C:/Users/imred/OneDrive/Documents/UE4/Ex2/Saved/Config/Windows/Scalability.ini]
[2023.08.15-23.08.49:811][  0]LogConfig: Setting CVar [[r.HairStrands.SkyLighting.IntegrationType:2]]
[2023.08.15-23.08.49:811][  0]LogConfig: Setting CVar [[r.HairStrands.SkyAO.SampleCount:4]]
[2023.08.15-23.08.49:811][  0]LogConfig: Setting CVar [[r.HairStrands.Visibility.MSAA.SamplePerPixel:4]]
[2023.08.15-23.08.49:811][  0]LogConfig: Applying CVar settings from Section [Startup] File [../../../Engine/Config/ConsoleVariables.ini]
[2023.08.15-23.08.49:811][  0]LogConfig: Setting CVar [[net.UseAdaptiveNetUpdateFrequency:0]]
[2023.08.15-23.08.49:811][  0]LogConfig: Setting CVar [[p.chaos.AllowCreatePhysxBodies:1]]
[2023.08.15-23.08.49:811][  0]LogConfig: Setting CVar [[fx.SkipVectorVMBackendOptimizations:1]]
[2023.08.15-23.08.49:811][  0]LogConfig: Applying CVar settings from Section [ConsoleVariables] File [C:/Users/imred/OneDrive/Documents/UE4/Ex2/Saved/Config/Windows/Engine.ini]
[2023.08.15-23.08.49:811][  0]LogConfig: Applying CVar settings from Section [ConsoleVariables] File [C:/Users/imred/OneDrive/Documents/UE4/Ex2/Saved/Config/Windows/Editor.ini]
[2023.08.15-23.08.49:811][  0]LogInit: Computer: DESKTOP-CUQI4TD
[2023.08.15-23.08.49:811][  0]LogInit: User: imred
[2023.08.15-23.08.49:811][  0]LogInit: CPU Page size=4096, Cores=6
[2023.08.15-23.08.49:811][  0]LogInit: High frequency timer resolution =10.000000 MHz
[2023.08.15-23.08.49:811][  0]LogMemory: Memory total: Physical=63.9GB (64GB approx)
[2023.08.15-23.08.49:811][  0]LogMemory: Platform Memory Stats for Windows
[2023.08.15-23.08.49:811][  0]LogMemory: Process Physical Memory: 143.66 MB used, 143.66 MB peak
[2023.08.15-23.08.49:811][  0]LogMemory: Process Virtual Memory: 129.68 MB used, 129.68 MB peak
[2023.08.15-23.08.49:811][  0]LogMemory: Physical Memory: 11519.41 MB used,  53942.69 MB free, 65462.09 MB total
[2023.08.15-23.08.49:811][  0]LogMemory: Virtual Memory: 134159080.00 MB used,  58644.28 MB free, 134217728.00 MB total
[2023.08.15-23.08.49:816][  0]LogWindows: WindowsPlatformFeatures enabled
[2023.08.15-23.08.49:844][  0]LogInit: Physics initialised using underlying interface: PhysX
[2023.08.15-23.08.49:844][  0]LogInit: Using OS detected language (en-US).
[2023.08.15-23.08.49:844][  0]LogInit: Using OS detected locale (en-US).
[2023.08.15-23.08.49:849][  0]LogTextLocalizationManager: No specific localization for 'en-US' exists, so the 'en' localization will be used.
[2023.08.15-23.08.50:045][  0]LogWindowsTextInputMethodSystem: Display: IME system deactivated.
[2023.08.15-23.08.50:071][  0]LogSlate: New Slate User Created.  User Index 0, Is Virtual User: 0
[2023.08.15-23.08.50:072][  0]LogSlate: Slate User Registered.  User Index 0, Is Virtual User: 0
[2023.08.15-23.08.50:080][  0]LogD3D11RHI: Loaded GFSDK_Aftermath_Lib.x64.dll
[2023.08.15-23.08.50:083][  0]LogHMD: Failed to initialize OpenVR with code 110
[2023.08.15-23.08.50:083][  0]LogD3D11RHI: D3D11 min allowed feature level: 11_0
[2023.08.15-23.08.50:083][  0]LogD3D11RHI: D3D11 max allowed feature level: 11_0
[2023.08.15-23.08.50:083][  0]LogD3D11RHI: D3D11 adapters:
[2023.08.15-23.08.50:135][  0]LogD3D11RHI:    0. 'NVIDIA GeForce GTX 770' (Feature Level 11_0)
[2023.08.15-23.08.50:135][  0]LogD3D11RHI:       4052/0/32731 MB DedicatedVideo/DedicatedSystem/SharedSystem, Outputs:2, VendorId:0x10de
[2023.08.15-23.08.50:136][  0]LogD3D11RHI:    1. 'Microsoft Basic Render Driver' (Feature Level 11_0)
[2023.08.15-23.08.50:136][  0]LogD3D11RHI:       0/0/32731 MB DedicatedVideo/DedicatedSystem/SharedSystem, Outputs:0, VendorId:0x1414
[2023.08.15-23.08.50:136][  0]LogD3D11RHI: Chosen D3D11 Adapter:
[2023.08.15-23.08.50:136][  0]LogD3D11RHI:     Description : NVIDIA GeForce GTX 770
[2023.08.15-23.08.50:136][  0]LogD3D11RHI:     VendorId    : 10de
[2023.08.15-23.08.50:136][  0]LogD3D11RHI:     DeviceId    : 1184
[2023.08.15-23.08.50:136][  0]LogD3D11RHI:     SubSysId    : 37763842
[2023.08.15-23.08.50:136][  0]LogD3D11RHI:     Revision    : 00a1
[2023.08.15-23.08.50:136][  0]LogD3D11RHI:     DedicatedVideoMemory : 4249354240 bytes
[2023.08.15-23.08.50:136][  0]LogD3D11RHI:     DedicatedSystemMemory : 0 bytes
[2023.08.15-23.08.50:136][  0]LogD3D11RHI:     SharedSystemMemory : 34320990208 bytes
[2023.08.15-23.08.50:136][  0]LogD3D11RHI:     AdapterLuid : 0 45153
[2023.08.15-23.08.50:141][  0]LogD3D11RHI: Creating new Direct3DDevice
[2023.08.15-23.08.50:141][  0]LogD3D11RHI:     GPU DeviceId: 0x1184 (for the marketing name, search the web for "GPU Device Id")
[2023.08.15-23.08.50:141][  0]LogWindows: EnumDisplayDevices:
[2023.08.15-23.08.50:141][  0]LogWindows:    0. 'NVIDIA GeForce GTX 770' (P:1 D:1)
[2023.08.15-23.08.50:141][  0]LogWindows:    1. 'NVIDIA GeForce GTX 770' (P:0 D:1)
[2023.08.15-23.08.50:141][  0]LogWindows:    2. 'NVIDIA GeForce GTX 770' (P:0 D:0)
[2023.08.15-23.08.50:141][  0]LogWindows:    3. 'NVIDIA GeForce GTX 770' (P:0 D:0)
[2023.08.15-23.08.50:141][  0]LogWindows: DebugString: FoundDriverCount:4 
[2023.08.15-23.08.50:141][  0]LogD3D11RHI:     Adapter Name: NVIDIA GeForce GTX 770
[2023.08.15-23.08.50:141][  0]LogD3D11RHI:   Driver Version: 474.44 (internal:30.0.14.7444, unified:474.44)
[2023.08.15-23.08.50:141][  0]LogD3D11RHI:      Driver Date: 5-11-2023
[2023.08.15-23.08.50:141][  0]LogRHI: Texture pool is 2836 MB (70% of 4052 MB)
[2023.08.15-23.08.50:141][  0]LogD3D11RHI: Creating D3DDevice using adapter:
[2023.08.15-23.08.50:141][  0]LogD3D11RHI:     Description : NVIDIA GeForce GTX 770
[2023.08.15-23.08.50:141][  0]LogD3D11RHI:     VendorId    : 10de
[2023.08.15-23.08.50:141][  0]LogD3D11RHI:     DeviceId    : 1184
[2023.08.15-23.08.50:141][  0]LogD3D11RHI:     SubSysId    : 37763842
[2023.08.15-23.08.50:141][  0]LogD3D11RHI:     Revision    : 00a1
[2023.08.15-23.08.50:141][  0]LogD3D11RHI:     DedicatedVideoMemory : 4249354240 bytes
[2023.08.15-23.08.50:141][  0]LogD3D11RHI:     DedicatedSystemMemory : 0 bytes
[2023.08.15-23.08.50:141][  0]LogD3D11RHI:     SharedSystemMemory : 34320990208 bytes
[2023.08.15-23.08.50:141][  0]LogD3D11RHI:     AdapterLuid : 0 45153
[2023.08.15-23.08.50:180][  0]LogD3D11RHI: RHI does not have support for 64 bit atomics
[2023.08.15-23.08.50:180][  0]LogD3D11RHI: Async texture creation enabled
[2023.08.15-23.08.50:195][  0]LogD3D11RHI: GPU Timing Frequency: 1000.000000 (Debug: 2 1)
[2023.08.15-23.08.50:214][  0]LogRHI: GeForceNow SDK initialized: 1
[2023.08.15-23.08.50:454][  0]LogTargetPlatformManager: Display: Loaded TargetPlatform 'WindowsNoEditor'
[2023.08.15-23.08.50:457][  0]LogTargetPlatformManager: Display: Loaded TargetPlatform 'Windows'
[2023.08.15-23.08.50:460][  0]LogTargetPlatformManager: Display: Loaded TargetPlatform 'WindowsClient'
[2023.08.15-23.08.50:463][  0]LogTargetPlatformManager: Display: Loaded TargetPlatform 'WindowsServer'
[2023.08.15-23.08.50:463][  0]LogTargetPlatformManager: Display: Building Assets For Windows
[2023.08.15-23.08.50:468][  0]LogAudioDebug: Display: Lib vorbis DLL was dynamically loaded.
[2023.08.15-23.08.50:491][  0]LogTextureFormatOodle: Display: Oodle Texture 2.9.0 init RDO Off
[2023.08.15-23.08.50:512][  0]LogRendererCore: Ray tracing is disabled. Reason: r.RayTracing=0.
[2023.08.15-23.08.50:514][  0]LogShaderCompilers: Guid format shader working directory is -11 characters bigger than the processId version (../../../../../../Users/imred/OneDrive/Documents/UE4/Ex2/Intermediate/Shaders/WorkingDirectory/17284/).
[2023.08.15-23.08.50:514][  0]LogShaderCompilers: Cleaned the shader compiler working directory 'C:/Users/imred/AppData/Local/Temp/UnrealShaderWorkingDir/EEF3DD324FDC03A8BB7182B8032784AF/'.
[2023.08.15-23.08.50:514][  0]LogXGEController: Cannot use XGE Controller as Incredibuild is not installed on this machine.
[2023.08.15-23.08.50:514][  0]LogShaderCompilers: Cannot use XGE Shader Compiler as Incredibuild is not installed on this machine.
[2023.08.15-23.08.50:514][  0]LogShaderCompilers: Display: Using Local Shader Compiler.
[2023.08.15-23.08.51:055][  0]LogDerivedDataCache: Display: Max Cache Size: 512 MB
[2023.08.15-23.08.51:092][  0]LogDerivedDataCache: Loaded boot cache 0.04s 94MB C:/Users/imred/AppData/Local/UnrealEngine/4.27/DerivedDataCache/Boot.ddc.
[2023.08.15-23.08.51:092][  0]LogDerivedDataCache: Display: Loaded Boot cache: C:/Users/imred/AppData/Local/UnrealEngine/4.27/DerivedDataCache/Boot.ddc
[2023.08.15-23.08.51:093][  0]LogDerivedDataCache: FDerivedDataBackendGraph:  Pak pak cache file ../../../../../../Users/imred/OneDrive/Documents/UE4/Ex2/DerivedDataCache/DDC.ddp not found, will not use a pak cache.
[2023.08.15-23.08.51:093][  0]LogDerivedDataCache: Unable to find inner node Pak for hierarchical cache Hierarchy.
[2023.08.15-23.08.51:093][  0]LogDerivedDataCache: FDerivedDataBackendGraph:  CompressedPak pak cache file ../../../../../../Users/imred/OneDrive/Documents/UE4/Ex2/DerivedDataCache/Compressed.ddp not found, will not use a pak cache.
[2023.08.15-23.08.51:093][  0]LogDerivedDataCache: Unable to find inner node CompressedPak for hierarchical cache Hierarchy.
[2023.08.15-23.08.51:114][  0]LogDerivedDataCache: Display: Pak cache opened for reading ../../../Engine/DerivedDataCache/Compressed.ddp.
[2023.08.15-23.08.51:114][  0]LogDerivedDataCache: FDerivedDataBackendGraph:  EnterprisePak pak cache file ../../../Enterprise/DerivedDataCache/Compressed.ddp not found, will not use a pak cache.
[2023.08.15-23.08.51:114][  0]LogDerivedDataCache: Unable to find inner node EnterprisePak for hierarchical cache Hierarchy.
[2023.08.15-23.08.51:284][  0]LogDerivedDataCache: Speed tests for C:/Users/imred/AppData/Local/UnrealEngine/Common/DerivedDataCache took 0.17 seconds
[2023.08.15-23.08.51:284][  0]LogDerivedDataCache: Display: Performance to C:/Users/imred/AppData/Local/UnrealEngine/Common/DerivedDataCache: Latency=0.08ms. RandomReadSpeed=31.76MBs, RandomWriteSpeed=6.64MBs. Assigned SpeedClass 'Local'
[2023.08.15-23.08.51:285][  0]LogDerivedDataCache: Using Local data cache path C:/Users/imred/AppData/Local/UnrealEngine/Common/DerivedDataCache: Writable
[2023.08.15-23.08.51:285][  0]LogDerivedDataCache: Shared data cache path not found in *engine.ini, will not use an Shared cache.
[2023.08.15-23.08.51:285][  0]LogDerivedDataCache: Unable to find inner node Shared for hierarchical cache Hierarchy.
[2023.08.15-23.08.51:312][  0]LogSlate: Using FreeType 2.10.0
[2023.08.15-23.08.51:322][  0]LogSlate: SlateFontServices - WITH_FREETYPE: 1, WITH_HARFBUZZ: 1
[2023.08.15-23.08.51:432][  0]LogInit: Using OS detected language (en-US).
[2023.08.15-23.08.51:432][  0]LogInit: Using OS detected locale (en-US).
[2023.08.15-23.08.51:432][  0]LogTextLocalizationManager: No localization for 'en-US' exists, so 'en' will be used for the language.
[2023.08.15-23.08.51:432][  0]LogTextLocalizationManager: No localization for 'en-US' exists, so 'en' will be used for the locale.
[2023.08.15-23.08.51:432][  0]LogSlate: FontCache flush requested. Reason: Culture for localization was changed
[2023.08.15-23.08.51:432][  0]LogSlate: FontCache flush requested. Reason: Culture for localization was changed
[2023.08.15-23.08.51:434][  0]LogTextLocalizationManager: Compacting localization data took   0.00ms
[2023.08.15-23.08.51:434][  0]LogAssetRegistry: FAssetRegistry took 0.0012 seconds to start up
[2023.08.15-23.08.51:556][  0]LogPackageLocalizationCache: Processed 27 localized package path(s) for 1 prioritized culture(s) in 0.000726 seconds
[2023.08.15-23.08.51:603][  0]LogInit: Selected Device Profile: [Windows]
[2023.08.15-23.08.51:603][  0]LogInit: Active device profile: [0000027528120900][00000275200F2D80 49] Windows
[2023.08.15-23.08.51:603][  0]LogInit: Profiles: [0000027528120900][00000275200F2D80 49] Windows, [00000275280DF500][00000275200FAF00 49] WindowsNoEditor, [0000027528123500][00000275200FF080 49] WindowsServer, [00000275280DFF00][000002751FE59200 49] WindowsClient, [0000027528123800][000002751FE5D380 49] IOS, [00000275280DE500][00000275200F74C0 49] iPadAir, [0000027528122000][000002751FE61600 49] iPadAir2, [0000027528098A00][000002751FE69840 49] IPadPro, [0000027528098B00][000002751FE65880 49] iPadAir3, [00000275280DD600][000002751FE71A00 49] iPadAir4, [000002752809B400][000002751FE75B80 49] iPadMini2, [00000275280DE700][000002751FE78180 49] iPadMini3, [0000027528099700][000002751FE7C300 49] iPadMini4, [0000027528121100][000002751FE80480 49] iPadMini5, [00000275280A8300][000002751FE88740 49] iPhone6, [00000275280A8400][000002751FE84780 49] iPodTouch6, [000002752807FF00][000002751FE90A40 49] iPhone7, [000002752807FE00][000002751FE8CA80 49] iPodTouch7, [00000275280DDD00][000002751FE94C00 49] iPhone5S, [000002752807DA00][000002751FE98D80 49] iPhone6Plus, [00000275280A8200][000002751FE9CF00 49] iPhone6S, [000002752807C600][000002751FEA1080 49] iPhone6SPlus, [00000275280AA900][0000027524CA7200 49] iPhone7Plus, [000002752807F100][0000027524CAB380 49] iPhoneSE, [00000275280AA200][0000027524CAF500 49] iPhone8, [000002752807FB00][0000027524CB3680 49] iPhone8Plus, [00000275280A8A00][000002751FE6D7C0 49] iPhoneX, [000002752807D400][0000027524CB7900 49] iPhoneXS, [00000275280ABD00][0000027524CBBA40 49] iPhoneXSMax, [000002752807C500][0000027524CC3BC0 49] iPhoneXR, [00000275280A9300][0000027524CC61C0 49] iPhone11, [000002752807E700][0000027524CCA340 49] iPhone11Pro, [00000275280A9000][0000027524CCE4C0 49] iPhone11ProMax, [000002752807EA00][0000027524CD2640 49] iPhoneSE2, [00000275280A9400][0000027524CD67C0 49] iPhone12Mini, [000002752807E400][0000027524CDA940 49] iPhone12, [00000275280A8D00][0000027524CDEAC0 49] iPhone12Pro, [000002752807EB00][0000027524CE2C40 49] iPhone12ProMax, [00000275280AB000][0000027524CE6DC0 49] iPadPro105, [000002752807C700][0000027524CEAF40 49] iPadPro129, [00000275280AA800][0000027524CEF0C0 49] iPadPro97, [000002752807E600][0000027524CF3240 49] iPadPro2_129, [00000275280ABC00][0000027524CF73C0 49] iPad5, [000002752807E200][0000027524CFB540 49] iPad6, [00000275280A8F00][0000027524CFF6C0 49] iPad7, [000002752807FC00][0000027524D03840 49] iPad8, [00000275280AB900][0000027524CBF980 49] iPadPro11, [000002752807D900][0000027524D07AC0 49] iPadPro2_11, [00000275280A8100][0000027524D0BC00 49] iPadPro3_129, [000002752807E800][0000027524D0E1C0 49] iPadPro4_129, [00000275280AB200][0000027524D16340 49] AppleTV, [000002752807E100][0000027524D1A4C0 49] AppleTV4K, [00000275280A9F00][0000027524D1E640 49] TVOS, [000002752807DD00][0000027524D227C0 49] Mac, [00000275280AB800][0000027524D26940 49] MacClient, [000002752807DB00][0000027524D2AAC0 49] MacNoEditor, [00000275280ABF00][0000027524D2EC40 49] MacServer, [000002752807D200][0000027524D32DC0 49] Linux, [00000275280ABA00][0000027524D36F40 49] LinuxAArch64, [000002752807F400][0000027524D3B0C0 49] LinuxNoEditor, [00000275280A9B00][0000027524D3F240 49] LinuxAArch64NoEditor, [000002752807F700][0000027524D433C0 49] LinuxClient, [00000275280AAA00][0000027524D47540 49] LinuxAArch64Client, [000002752807EC00][0000027524D4B6C0 49] LinuxServer, [00000275280AA500][0000027524D4F840 49] LinuxAArch64Server, [000002752807CD00][0000027524D539C0 49] Android, [00000275280A9A00][0000027524D13B00 49] Android_Low, [000002752807D300][0000027524D560C0 49] Android_Mid, [00000275280A8600][0000027524D5A200 49] Android_High, [000002752807FD00][0000027524D5E340 49] Android_Default, [00000275280AB100][0000027524D664C0 49] Android_Adreno4xx, [000002752807E900][0000027524D6A640 49] Android_Adreno5xx_Low, [000002752809B600][0000027524D6E7C0 49] Android_Adreno5xx, [00000275280DD200][0000027524D72940 49] Android_Adreno6xx, [0000027528098F00][0000027524D76AC0 49] Android_Adreno6xx_Vulkan, [00000275280DF900][0000027524D7AC40 49] Android_Mali_T6xx, [0000027528099100][0000027524D7EDC0 49] Android_Mali_T7xx, [00000275280DD300][0000027524D82F40 49] Android_Mali_T8xx, [0000027528099E00][0000027524D870C0 49] Android_Mali_G71, [00000275280DC500][0000027524D8B240 49] Android_Mali_G72, [0000027528098800][000002751FEA53C0 49] Android_Mali_G72_Vulkan, [00000275280DF700][000002751FEA9540 49] Android_Mali_G76, [0000027528098100][000002751FEAD6C0 49] Android_Mali_G76_Vulkan, [00000275280DDC00][000002751FEB1840 49] Android_Mali_G77, [0000027528099000][000002751FEB59C0 49] Android_Mali_G77_Vulkan, [00000275280DCA00][000002751FEB9B40 49] Android_Mali_G78, [000002752809AC00][000002751FEBC140 49] Android_Mali_G78_Vulkan, [00000275280DF300][0000027524D62280 49] Android_Mali_G710, [000002752809AB00][000002751FEC03C0 49] Android_Mali_G710_Vulkan, [00000275280DFC00][000002751FEC4500 49] Android_Vulkan_SM5, [000002752809BB00][000002751F9F6680 49] Android_PowerVR_G6xxx, [00000275280DC100][000002751F9FA800 49] Android_PowerVR_GT7xxx, [000002752809A300][000002751F9FE980 49] Android_PowerVR_GE8xxx, [00000275280DCC00][000002751FA02B00 49] Android_PowerVR_GM9xxx, [000002752809A700][000002751FA06C80 49] Android_PowerVR_GM9xxx_Vulkan, [00000275280DE400][000002751FA0AE00 49] Android_TegraK1, [0000027528098600][000002751FA0EF80 49] Android_Unknown_Vulkan, [00000275280DEA00][000002751FA13100 49] Lumin, [0000027528098500][000002751FA17280 49] Lumin_Desktop, [00000275280DE200][000002751FA1B400 49] HoloLens, 
[2023.08.15-23.08.51:674][  0]LogMeshReduction: Using QuadricMeshReduction for automatic static mesh reduction
[2023.08.15-23.08.51:674][  0]LogMeshReduction: Using SimplygonMeshReduction for automatic skeletal mesh reduction
[2023.08.15-23.08.51:674][  0]LogMeshReduction: Using ProxyLODMeshReduction for automatic mesh merging
[2023.08.15-23.08.51:674][  0]LogMeshReduction: No distributed automatic mesh merging module available
[2023.08.15-23.08.51:674][  0]LogMeshMerging: No distributed automatic mesh merging module available
[2023.08.15-23.08.51:795][  0]LogNetVersion: Ex2 1.0.0, NetCL: 17155196, EngineNetVer: 17, GameNetVer: 0 (Checksum: 3249199118)
[2023.08.15-23.08.52:284][  0]LogTexture: Default maximum texture size for cubemaps generated from long-lat sources has been changed from 512 to unlimited. In order to preserve old behaiour for '/Engine/MapTemplates/Sky/DaylightAmbientCubemap.DaylightAmbientCubemap', its maximum texture size has been explicitly set to 512.
[2023.08.15-23.08.52:405][  0]LogHMD: PokeAHoleMaterial loaded successfully
[2023.08.15-23.08.52:532][  0]LogMoviePlayer: Initializing movie player
