Log file open, 07/14/23 01:14:46
LogWindows: Failed to load 'aqProf.dll' (GetLastError=126)
LogWindows: File 'aqProf.dll' does not exist
LogWindows: Failed to load 'VtuneApi.dll' (GetLastError=126)
LogWindows: File 'VtuneApi.dll' does not exist
LogWindows: Failed to load 'VtuneApi32e.dll' (GetLastError=126)
LogWindows: File 'VtuneApi32e.dll' does not exist
LogConsoleResponse: Display: Failed to find resolution value strings in scalability ini. Falling back to default.
LogConsoleResponse: Display: Failed to find resolution value strings in scalability ini. Falling back to default.
LogInit: Display: Running engine for game: Ex2
LogPlatformFile: Not using cached read wrapper
LogTaskGraph: Started task graph with 5 named threads and 14 total threads with 3 sets of task threads.
LogStats: Stats thread started at 0.446709
LogICUInternationalization: ICU TimeZone Detection - Raw Offset: -5:00, Platform Override: ''
LogInit: Display: Loading text-based GConfig....
LogPluginManager: Mounting plugin MeshPainting
LogPluginManager: Mounting plugin XGEController
LogPluginManager: Mounting plugin Paper2D
LogPluginManager: Mounting plugin AISupport
LogPluginManager: Mounting plugin EnvironmentQueryEditor
LogPluginManager: Mounting plugin LiveLink
LogPluginManager: Mounting plugin LightPropagationVolume
LogPluginManager: Mounting plugin CameraShakePreviewer
LogPluginManager: Mounting plugin GameplayCameras
LogPluginManager: Mounting plugin OodleData
LogPluginManager: Mounting plugin OodleNetwork
LogPluginManager: Mounting plugin AnimationSharing
LogPluginManager: Mounting plugin CLionSourceCodeAccess
LogPluginManager: Mounting plugin CodeLiteSourceCodeAccess
LogPluginManager: Mounting plugin GitSourceControl
LogPluginManager: Mounting plugin KDevelopSourceCodeAccess
LogPluginManager: Mounting plugin NullSourceCodeAccess
LogPluginManager: Mounting plugin PerforceSourceControl
LogPluginManager: Mounting plugin PixWinPlugin
LogPluginManager: Mounting plugin PlasticSourceControl
LogPluginManager: Mounting plugin PluginUtils
LogPluginManager: Mounting plugin PropertyAccessNode
LogPluginManager: Mounting plugin RiderSourceCodeAccess
LogPluginManager: Mounting plugin SubversionSourceControl
LogPluginManager: Mounting plugin TextureFormatOodle
LogPluginManager: Mounting plugin UObjectPlugin
LogPluginManager: Mounting plugin VisualStudioCodeSourceCodeAccess
LogPluginManager: Mounting plugin VisualStudioSourceCodeAccess
LogPluginManager: Mounting plugin XCodeSourceCodeAccess
LogPluginManager: Mounting plugin AssetManagerEditor
LogPluginManager: Mounting plugin CryptoKeys
LogPluginManager: Mounting plugin CurveEditorTools
LogPluginManager: Mounting plugin DataValidation
LogPluginManager: Mounting plugin FacialAnimation
LogPluginManager: Mounting plugin GameplayTagsEditor
LogPluginManager: Mounting plugin GeometryMode
LogPluginManager: Mounting plugin MacGraphicsSwitching
LogPluginManager: Mounting plugin MaterialAnalyzer
LogPluginManager: Mounting plugin MobileLauncherProfileWizard
LogPluginManager: Mounting plugin PluginBrowser
LogPluginManager: Mounting plugin SpeedTreeImporter
LogPluginManager: Mounting plugin DatasmithContent
LogPluginManager: Mounting plugin VariantManagerContent
LogPluginManager: Mounting plugin AlembicImporter
LogPluginManager: Mounting plugin AutomationUtils
LogPluginManager: Mounting plugin BackChannel
LogPluginManager: Mounting plugin ChaosCloth
LogPluginManager: Mounting plugin ChaosClothEditor
LogPluginManager: Mounting plugin ChaosEditor
LogPluginManager: Mounting plugin ChaosNiagara
LogPluginManager: Mounting plugin ChaosSolverPlugin
LogPluginManager: Mounting plugin CharacterAI
LogPluginManager: Mounting plugin GeometryCache
LogPluginManager: Mounting plugin GeometryCollectionPlugin
LogPluginManager: Mounting plugin GeometryProcessing
LogPluginManager: Mounting plugin MotoSynth
LogPluginManager: Mounting plugin OpenImageDenoise
LogPluginManager: Mounting plugin PlanarCut
LogPluginManager: Mounting plugin PlatformCrypto
LogPluginManager: Mounting plugin ProxyLODPlugin
LogPluginManager: Mounting plugin PythonScriptPlugin
LogPluginManager: Mounting plugin SkeletalReduction
LogPluginManager: Mounting plugin Niagara
LogPluginManager: Mounting plugin LuminPlatformFeatures
LogPluginManager: Mounting plugin MagicLeap
LogPluginManager: Mounting plugin MagicLeapLightEstimation
LogPluginManager: Mounting plugin MagicLeapMedia
LogPluginManager: Mounting plugin MagicLeapPassableWorld
LogPluginManager: Mounting plugin MLSDK
LogPluginManager: Mounting plugin AndroidMedia
LogPluginManager: Mounting plugin AvfMedia
LogPluginManager: Mounting plugin ImgMedia
LogPluginManager: Mounting plugin MediaCompositing
LogPluginManager: Mounting plugin MediaPlayerEditor
LogPluginManager: Mounting plugin WebMMedia
LogPluginManager: Mounting plugin WmfMedia
LogPluginManager: Mounting plugin TcpMessaging
LogPluginManager: Mounting plugin UdpMessaging
LogPluginManager: Mounting plugin ActorSequence
LogPluginManager: Mounting plugin LevelSequenceEditor
LogPluginManager: Mounting plugin MatineeToLevelSequence
LogPluginManager: Mounting plugin TemplateSequence
LogPluginManager: Mounting plugin OnlineSubsystem
LogPluginManager: Mounting plugin OnlineSubsystemNull
LogPluginManager: Mounting plugin OnlineSubsystemUtils
LogPluginManager: Mounting plugin LauncherChunkInstaller
LogPluginManager: Mounting plugin ActorLayerUtilities
LogPluginManager: Mounting plugin AndroidDeviceProfileSelector
LogPluginManager: Mounting plugin AndroidMoviePlayer
LogPluginManager: Mounting plugin AppleImageUtils
LogPluginManager: Mounting plugin AppleMoviePlayer
LogPluginManager: Mounting plugin ArchVisCharacter
LogPluginManager: Mounting plugin AssetTags
LogPluginManager: Mounting plugin AudioCapture
LogPluginManager: Mounting plugin AndroidPermission
LogPluginManager: Mounting plugin AudioSynesthesia
LogPluginManager: Mounting plugin CableComponent
LogPluginManager: Mounting plugin ChunkDownloader
LogPluginManager: Mounting plugin CustomMeshComponent
LogPluginManager: Mounting plugin EditableMesh
LogPluginManager: Mounting plugin ExampleDeviceProfileSelector
LogPluginManager: Mounting plugin GoogleCloudMessaging
LogPluginManager: Mounting plugin GooglePAD
LogPluginManager: Mounting plugin IOSDeviceProfileSelector
LogPluginManager: Mounting plugin LinuxDeviceProfileSelector
LogPluginManager: Mounting plugin LocationServicesBPLibrary
LogPluginManager: Mounting plugin MobilePatchingUtils
LogPluginManager: Mounting plugin OpenXR
LogPluginManager: Mounting plugin OpenXREyeTracker
LogPluginManager: Mounting plugin OpenXRHandTracking
LogPluginManager: Mounting plugin PhysXVehicles
LogPluginManager: Mounting plugin PostSplashScreen
LogPluginManager: Mounting plugin ProceduralMeshComponent
LogPluginManager: Mounting plugin PropertyAccessEditor
LogPluginManager: Mounting plugin RuntimePhysXCooking
LogPluginManager: Mounting plugin SignificanceManager
LogPluginManager: Mounting plugin SoundFields
LogPluginManager: Mounting plugin Synthesis
LogPluginManager: Mounting plugin WebMMoviePlayer
LogPluginManager: Mounting plugin WindowsMoviePlayer
LogPluginManager: Mounting plugin ScreenshotTools
LogPluginManager: Mounting plugin Takes
LogPluginManager: Mounting plugin ContentBrowserAssetDataSource
LogPluginManager: Mounting plugin ContentBrowserClassDataSource
LogPluginManager: Mounting plugin ContentBrowserFileDataSource
LogPluginManager: Mounting plugin OnlineSubsystemGooglePlay
LogPluginManager: Mounting plugin OnlineSubsystemIOS
LogPluginManager: Mounting plugin OculusVR
LogPluginManager: Mounting plugin SteamVR
PixWinPlugin: PIX capture plugin failed to initialize! Check that the process is launched from PIX.
LogInit: Using libcurl 7.55.1-DEV
LogInit:  - built for x86_64-pc-win32
LogInit:  - supports SSL with OpenSSL/1.1.1
LogInit:  - supports HTTP deflate (compression) using libz 1.2.8
LogInit:  - other features:
LogInit:      CURL_VERSION_SSL
LogInit:      CURL_VERSION_LIBZ
LogInit:      CURL_VERSION_IPV6
LogInit:      CURL_VERSION_ASYNCHDNS
LogInit:      CURL_VERSION_LARGEFILE
LogInit:      CURL_VERSION_IDN
LogInit:  CurlRequestOptions (configurable via config and command line):
LogInit:  - bVerifyPeer = true  - Libcurl will verify peer certificate
LogInit:  - bUseHttpProxy = false  - Libcurl will NOT use HTTP proxy
LogInit:  - bDontReuseConnections = false  - Libcurl will reuse connections
LogInit:  - MaxHostConnections = 16  - Libcurl will limit the number of connections to a host
LogInit:  - LocalHostAddr = Default
LogInit:  - BufferSize = 65536
LogOnline: OSS: Creating online subsystem instance for: NULL
LogInit: WinSock: version 1.1 (2.2), MaxSocks=32767, MaxUdp=65467
LogOnline: OSS: TryLoadSubsystemAndSetDefault: Loaded subsystem for module [NULL]
LogOculusPluginWrapper: OculusPlugin initialized successfully
LogHMD: Failed initializing OVRPlugin 1.59.0
LogInit: Build: ++UE4+Release-4.27-CL-18319896
LogInit: Engine Version: 4.27.2-18319896+++UE4+Release-4.27
LogInit: Compatible Engine Version: 4.27.0-17155196+++UE4+Release-4.27
LogInit: Net CL: 17155196
LogInit: OS: Windows 10 (Release 2009) (), CPU: Intel(R) Core(TM) i5-4590 CPU @ 3.30GHz, GPU: NVIDIA GeForce GTX 770
LogInit: Compiled (64-bit): Nov 30 2021 07:12:08
LogInit: Compiled with Visual C++: 19.24.28315.00
LogInit: Build Configuration: Development
LogInit: Branch Name: ++UE4+Release-4.27
LogInit: Command Line:  /Game/FirstPersonBP/Maps/TestingMap -game -PIEVIACONSOLE -Multiprocess GameUserSettingsINI=E:/Ex2Github/Ex2/Saved/Config/Windows/PIEGameUserSettings0.ini -MultiprocessSaveConfig -forcepassthrough -messaging -SessionName="Play in Standalone Game" -windowed -WinX=76 -WinY=177 SAVEWINPOS=1 -ResX=1280 -ResY=720
LogInit: Base Directory: E:/EpicGames/UE_4.27/Engine/Binaries/Win64/
LogInit: Allocator: TBB
LogInit: Installed Engine Build: 1
LogDevObjectVersion: Number of dev versions registered: 29
LogDevObjectVersion:   Dev-Blueprints (B0D832E4-1F89-4F0D-ACCF-7EB736FD4AA2): 10
LogDevObjectVersion:   Dev-Build (E1C64328-A22C-4D53-A36C-8E866417BD8C): 0
LogDevObjectVersion:   Dev-Core (375EC13C-06E4-48FB-B500-84F0262A717E): 4
LogDevObjectVersion:   Dev-Editor (E4B068ED-F494-42E9-A231-DA0B2E46BB41): 40
LogDevObjectVersion:   Dev-Framework (CFFC743F-43B0-4480-9391-14DF171D2073): 37
LogDevObjectVersion:   Dev-Mobile (B02B49B5-BB20-44E9-A304-32B752E40360): 3
LogDevObjectVersion:   Dev-Networking (A4E4105C-59A1-49B5-A7C5-40C4547EDFEE): 0
LogDevObjectVersion:   Dev-Online (39C831C9-5AE6-47DC-9A44-9C173E1C8E7C): 0
LogDevObjectVersion:   Dev-Physics (78F01B33-EBEA-4F98-B9B4-84EACCB95AA2): 14
LogDevObjectVersion:   Dev-Platform (6631380F-2D4D-43E0-8009-CF276956A95A): 0
LogDevObjectVersion:   Dev-Rendering (12F88B9F-8875-4AFC-A67C-D90C383ABD29): 45
LogDevObjectVersion:   Dev-Sequencer (7B5AE74C-D270-4C10-A958-57980B212A5A): 13
LogDevObjectVersion:   Dev-VR (D7296918-1DD6-4BDD-9DE2-64A83CC13884): 3
LogDevObjectVersion:   Dev-LoadTimes (C2A15278-BFE7-4AFE-6C17-90FF531DF755): 1
LogDevObjectVersion:   Private-Geometry (6EACA3D4-40EC-4CC1-B786-8BED09428FC5): 3
LogDevObjectVersion:   Dev-AnimPhys (29E575DD-E0A3-4627-9D10-D276232CDCEA): 17
LogDevObjectVersion:   Dev-Anim (AF43A65D-7FD3-4947-9873-3E8ED9C1BB05): 15
LogDevObjectVersion:   Dev-ReflectionCapture (6B266CEC-1EC7-4B8F-A30B-E4D90942FC07): 1
LogDevObjectVersion:   Dev-Automation (0DF73D61-A23F-47EA-B727-89E90C41499A): 1
LogDevObjectVersion:   FortniteMain (601D1886-AC64-4F84-AA16-D3DE0DEAC7D6): 47
LogDevObjectVersion:   FortniteRelease (E7086368-6B23-4C58-8439-1B7016265E91): 1
LogDevObjectVersion:   Dev-Enterprise (9DFFBCD6-494F-0158-E221-12823C92A888): 10
LogDevObjectVersion:   Dev-Niagara (F2AED0AC-9AFE-416F-8664-AA7FFA26D6FC): 1
LogDevObjectVersion:   Dev-Destruction (174F1F0B-B4C6-45A5-B13F-2EE8D0FB917D): 10
LogDevObjectVersion:   Dev-Physics-Ext (35F94A83-E258-406C-A318-09F59610247C): 41
LogDevObjectVersion:   Dev-PhysicsMaterial-Chaos (B68FC16E-8B1B-42E2-B453-215C058844FE): 1
LogDevObjectVersion:   Dev-CineCamera (B2E18506-4273-CFC2-A54E-F4BB758BBA07): 1
LogDevObjectVersion:   Dev-VirtualProduction (64F58936-FD1B-42BA-BA96-7289D5D0FA4E): 1
LogDevObjectVersion:   Dev-MediaFramework (6F0ED827-A609-4895-9C91-998D90180EA4): 2
LogInit: Presizing for max 25165824 objects, including 0 objects not considered by GC, pre-allocating 0 bytes for permanent pool.
LogConfig: Applying CVar settings from Section [/Script/Engine.StreamingSettings] File [E:/Ex2Github/Ex2/Saved/Config/Windows/Engine.ini]
LogConfig: Setting CVar [[s.MinBulkDataSizeForAsyncLoading:131072]]
LogConfig: Setting CVar [[s.AsyncLoadingThreadEnabled:0]]
LogConfig: Setting CVar [[s.EventDrivenLoaderEnabled:1]]
LogConfig: Setting CVar [[s.WarnIfTimeLimitExceeded:0]]
LogConfig: Setting CVar [[s.TimeLimitExceededMultiplier:1.5]]
LogConfig: Setting CVar [[s.TimeLimitExceededMinTime:0.005]]
LogConfig: Setting CVar [[s.UseBackgroundLevelStreaming:1]]
LogConfig: Setting CVar [[s.PriorityAsyncLoadingExtraTime:15.0]]
LogConfig: Setting CVar [[s.LevelStreamingActorsUpdateTimeLimit:5.0]]
LogConfig: Setting CVar [[s.PriorityLevelStreamingActorsUpdateExtraTime:5.0]]
LogConfig: Setting CVar [[s.LevelStreamingComponentsRegistrationGranularity:10]]
LogConfig: Setting CVar [[s.UnregisterComponentsTimeLimit:1.0]]
LogConfig: Setting CVar [[s.LevelStreamingComponentsUnregistrationGranularity:5]]
LogConfig: Setting CVar [[s.FlushStreamingOnExit:1]]
LogInit: Object subsystem initialized
LogConfig: Setting CVar [[con.DebugEarlyDefault:1]]
LogConfig: Setting CVar [[r.setres:1280x720]]
[2023.07.14-05.14.47:132][  0]LogConfig: Setting CVar [[con.DebugEarlyDefault:1]]
[2023.07.14-05.14.47:132][  0]LogConfig: Setting CVar [[r.setres:1280x720]]
[2023.07.14-05.14.47:132][  0]LogConfig: Applying CVar settings from Section [/Script/Engine.RendererSettings] File [E:/Ex2Github/Ex2/Saved/Config/Windows/Engine.ini]
[2023.07.14-05.14.47:132][  0]LogConfig: Setting CVar [[r.GPUCrashDebugging:0]]
[2023.07.14-05.14.47:132][  0]LogConfig: Setting CVar [[r.DefaultFeature.MotionBlur:0]]
[2023.07.14-05.14.47:132][  0]LogConfig: Applying CVar settings from Section [/Script/Engine.RendererOverrideSettings] File [E:/Ex2Github/Ex2/Saved/Config/Windows/Engine.ini]
[2023.07.14-05.14.47:132][  0]LogConfig: Applying CVar settings from Section [/Script/Engine.StreamingSettings] File [E:/Ex2Github/Ex2/Saved/Config/Windows/Engine.ini]
[2023.07.14-05.14.47:132][  0]LogConfig: Setting CVar [[s.MinBulkDataSizeForAsyncLoading:131072]]
[2023.07.14-05.14.47:132][  0]LogConfig: Setting CVar [[s.AsyncLoadingThreadEnabled:0]]
[2023.07.14-05.14.47:132][  0]LogConfig: Setting CVar [[s.EventDrivenLoaderEnabled:1]]
[2023.07.14-05.14.47:132][  0]LogConfig: Setting CVar [[s.WarnIfTimeLimitExceeded:0]]
[2023.07.14-05.14.47:132][  0]LogConfig: Setting CVar [[s.TimeLimitExceededMultiplier:1.5]]
[2023.07.14-05.14.47:132][  0]LogConfig: Setting CVar [[s.TimeLimitExceededMinTime:0.005]]
[2023.07.14-05.14.47:132][  0]LogConfig: Setting CVar [[s.UseBackgroundLevelStreaming:1]]
[2023.07.14-05.14.47:132][  0]LogConfig: Setting CVar [[s.PriorityAsyncLoadingExtraTime:15.0]]
[2023.07.14-05.14.47:132][  0]LogConfig: Setting CVar [[s.LevelStreamingActorsUpdateTimeLimit:5.0]]
[2023.07.14-05.14.47:132][  0]LogConfig: Setting CVar [[s.PriorityLevelStreamingActorsUpdateExtraTime:5.0]]
[2023.07.14-05.14.47:132][  0]LogConfig: Setting CVar [[s.LevelStreamingComponentsRegistrationGranularity:10]]
[2023.07.14-05.14.47:132][  0]LogConfig: Setting CVar [[s.UnregisterComponentsTimeLimit:1.0]]
[2023.07.14-05.14.47:132][  0]LogConfig: Setting CVar [[s.LevelStreamingComponentsUnregistrationGranularity:5]]
[2023.07.14-05.14.47:132][  0]LogConfig: Setting CVar [[s.FlushStreamingOnExit:1]]
[2023.07.14-05.14.47:132][  0]LogConfig: Applying CVar settings from Section [/Script/Engine.GarbageCollectionSettings] File [E:/Ex2Github/Ex2/Saved/Config/Windows/Engine.ini]
[2023.07.14-05.14.47:132][  0]LogConfig: Setting CVar [[gc.MaxObjectsNotConsideredByGC:1]]
[2023.07.14-05.14.47:132][  0]LogConfig: Setting CVar [[gc.SizeOfPermanentObjectPool:0]]
[2023.07.14-05.14.47:132][  0]LogConfig: Setting CVar [[gc.FlushStreamingOnGC:0]]
[2023.07.14-05.14.47:132][  0]LogConfig: Setting CVar [[gc.NumRetriesBeforeForcingGC:10]]
[2023.07.14-05.14.47:132][  0]LogConfig: Setting CVar [[gc.AllowParallelGC:1]]
[2023.07.14-05.14.47:132][  0]LogConfig: Setting CVar [[gc.TimeBetweenPurgingPendingKillObjects:61.1]]
[2023.07.14-05.14.47:132][  0]LogConfig: Setting CVar [[gc.MaxObjectsInEditor:25165824]]
[2023.07.14-05.14.47:132][  0]LogConfig: Setting CVar [[gc.IncrementalBeginDestroyEnabled:1]]
[2023.07.14-05.14.47:132][  0]LogConfig: Setting CVar [[gc.CreateGCClusters:1]]
[2023.07.14-05.14.47:132][  0]LogConfig: Setting CVar [[gc.MinGCClusterSize:5]]
[2023.07.14-05.14.47:133][  0]LogConfig: Setting CVar [[gc.ActorClusteringEnabled:0]]
[2023.07.14-05.14.47:133][  0]LogConfig: Setting CVar [[gc.BlueprintClusteringEnabled:0]]
[2023.07.14-05.14.47:133][  0]LogConfig: Setting CVar [[gc.UseDisregardForGCOnDedicatedServers:0]]
[2023.07.14-05.14.47:133][  0]LogConfig: Setting CVar [[gc.MultithreadedDestructionEnabled:1]]
[2023.07.14-05.14.47:133][  0]LogConfig: Applying CVar settings from Section [/Script/Engine.NetworkSettings] File [E:/Ex2Github/Ex2/Saved/Config/Windows/Engine.ini]
[2023.07.14-05.14.47:133][  0]LogConfig: Applying CVar settings from Section [/Script/UnrealEd.CookerSettings] File [E:/Ex2Github/Ex2/Saved/Config/Windows/Engine.ini]
[2023.07.14-05.14.47:154][  0]LogConfig: Applying CVar settings from Section [ViewDistanceQuality@3] File [E:/Ex2Github/Ex2/Saved/Config/Windows/Scalability.ini]
[2023.07.14-05.14.47:154][  0]LogConfig: Setting CVar [[r.SkeletalMeshLODBias:0]]
[2023.07.14-05.14.47:154][  0]LogConfig: Setting CVar [[r.ViewDistanceScale:1.0]]
[2023.07.14-05.14.47:154][  0]LogConfig: Applying CVar settings from Section [AntiAliasingQuality@3] File [E:/Ex2Github/Ex2/Saved/Config/Windows/Scalability.ini]
[2023.07.14-05.14.47:154][  0]LogConfig: Setting CVar [[r.PostProcessAAQuality:4]]
[2023.07.14-05.14.47:154][  0]LogConfig: Applying CVar settings from Section [ShadowQuality@3] File [E:/Ex2Github/Ex2/Saved/Config/Windows/Scalability.ini]
[2023.07.14-05.14.47:154][  0]LogConfig: Setting CVar [[r.LightFunctionQuality:1]]
[2023.07.14-05.14.47:154][  0]LogConfig: Setting CVar [[r.ShadowQuality:5]]
[2023.07.14-05.14.47:154][  0]LogConfig: Setting CVar [[r.Shadow.CSM.MaxCascades:10]]
[2023.07.14-05.14.47:154][  0]LogConfig: Setting CVar [[r.Shadow.MaxResolution:2048]]
[2023.07.14-05.14.47:154][  0]LogConfig: Setting CVar [[r.Shadow.MaxCSMResolution:2048]]
[2023.07.14-05.14.47:154][  0]LogConfig: Setting CVar [[r.Shadow.RadiusThreshold:0.01]]
[2023.07.14-05.14.47:154][  0]LogConfig: Setting CVar [[r.Shadow.DistanceScale:1.0]]
[2023.07.14-05.14.47:154][  0]LogConfig: Setting CVar [[r.Shadow.CSM.TransitionScale:1.0]]
[2023.07.14-05.14.47:154][  0]LogConfig: Setting CVar [[r.Shadow.PreShadowResolutionFactor:1.0]]
[2023.07.14-05.14.47:154][  0]LogConfig: Setting CVar [[r.DistanceFieldShadowing:1]]
[2023.07.14-05.14.47:154][  0]LogConfig: Setting CVar [[r.DistanceFieldAO:1]]
[2023.07.14-05.14.47:154][  0]LogConfig: Setting CVar [[r.AOQuality:2]]
[2023.07.14-05.14.47:154][  0]LogConfig: Setting CVar [[r.VolumetricFog:1]]
[2023.07.14-05.14.47:154][  0]LogConfig: Setting CVar [[r.VolumetricFog.GridPixelSize:8]]
[2023.07.14-05.14.47:154][  0]LogConfig: Setting CVar [[r.VolumetricFog.GridSizeZ:128]]
[2023.07.14-05.14.47:154][  0]LogConfig: Setting CVar [[r.VolumetricFog.HistoryMissSupersampleCount:4]]
[2023.07.14-05.14.47:154][  0]LogConfig: Setting CVar [[r.LightMaxDrawDistanceScale:1]]
[2023.07.14-05.14.47:154][  0]LogConfig: Setting CVar [[r.CapsuleShadows:1]]
[2023.07.14-05.14.47:154][  0]LogConfig: Applying CVar settings from Section [PostProcessQuality@3] File [E:/Ex2Github/Ex2/Saved/Config/Windows/Scalability.ini]
[2023.07.14-05.14.47:154][  0]LogConfig: Setting CVar [[r.MotionBlurQuality:4]]
[2023.07.14-05.14.47:154][  0]LogConfig: Setting CVar [[r.AmbientOcclusionMipLevelFactor:0.4]]
[2023.07.14-05.14.47:154][  0]LogConfig: Setting CVar [[r.AmbientOcclusionMaxQuality:100]]
[2023.07.14-05.14.47:154][  0]LogConfig: Setting CVar [[r.AmbientOcclusionLevels:-1]]
[2023.07.14-05.14.47:154][  0]LogConfig: Setting CVar [[r.AmbientOcclusionRadiusScale:1.0]]
[2023.07.14-05.14.47:154][  0]LogConfig: Setting CVar [[r.DepthOfFieldQuality:2]]
[2023.07.14-05.14.47:154][  0]LogConfig: Setting CVar [[r.RenderTargetPoolMin:400]]
[2023.07.14-05.14.47:154][  0]LogConfig: Setting CVar [[r.LensFlareQuality:2]]
[2023.07.14-05.14.47:154][  0]LogConfig: Setting CVar [[r.SceneColorFringeQuality:1]]
[2023.07.14-05.14.47:154][  0]LogConfig: Setting CVar [[r.EyeAdaptationQuality:2]]
[2023.07.14-05.14.47:155][  0]LogConfig: Setting CVar [[r.BloomQuality:5]]
[2023.07.14-05.14.47:155][  0]LogConfig: Setting CVar [[r.FastBlurThreshold:100]]
[2023.07.14-05.14.47:155][  0]LogConfig: Setting CVar [[r.Upscale.Quality:3]]
[2023.07.14-05.14.47:155][  0]LogConfig: Setting CVar [[r.Tonemapper.GrainQuantization:1]]
[2023.07.14-05.14.47:155][  0]LogConfig: Setting CVar [[r.LightShaftQuality:1]]
[2023.07.14-05.14.47:155][  0]LogConfig: Setting CVar [[r.Filter.SizeScale:1]]
[2023.07.14-05.14.47:155][  0]LogConfig: Setting CVar [[r.Tonemapper.Quality:5]]
[2023.07.14-05.14.47:155][  0]LogConfig: Setting CVar [[r.DOF.Gather.AccumulatorQuality:1        ; higher gathering accumulator quality]]
[2023.07.14-05.14.47:155][  0]LogConfig: Setting CVar [[r.DOF.Gather.PostfilterMethod:1          ; Median3x3 postfilering method]]
[2023.07.14-05.14.47:155][  0]LogConfig: Setting CVar [[r.DOF.Gather.EnableBokehSettings:0       ; no bokeh simulation when gathering]]
[2023.07.14-05.14.47:155][  0]LogConfig: Setting CVar [[r.DOF.Gather.RingCount:4                 ; medium number of samples when gathering]]
[2023.07.14-05.14.47:155][  0]LogConfig: Setting CVar [[r.DOF.Scatter.ForegroundCompositing:1    ; additive foreground scattering]]
[2023.07.14-05.14.47:155][  0]LogConfig: Setting CVar [[r.DOF.Scatter.BackgroundCompositing:2    ; additive background scattering]]
[2023.07.14-05.14.47:155][  0]LogConfig: Setting CVar [[r.DOF.Scatter.EnableBokehSettings:1      ; bokeh simulation when scattering]]
[2023.07.14-05.14.47:155][  0]LogConfig: Setting CVar [[r.DOF.Scatter.MaxSpriteRatio:0.1         ; only a maximum of 10% of scattered bokeh]]
[2023.07.14-05.14.47:155][  0]LogConfig: Setting CVar [[r.DOF.Recombine.Quality:1                ; cheap slight out of focus]]
[2023.07.14-05.14.47:155][  0]LogConfig: Setting CVar [[r.DOF.Recombine.EnableBokehSettings:0    ; no bokeh simulation on slight out of focus]]
[2023.07.14-05.14.47:155][  0]LogConfig: Setting CVar [[r.DOF.TemporalAAQuality:1                ; more stable temporal accumulation]]
[2023.07.14-05.14.47:155][  0]LogConfig: Setting CVar [[r.DOF.Kernel.MaxForegroundRadius:0.025]]
[2023.07.14-05.14.47:155][  0]LogConfig: Setting CVar [[r.DOF.Kernel.MaxBackgroundRadius:0.025]]
[2023.07.14-05.14.47:155][  0]LogConfig: Applying CVar settings from Section [TextureQuality@3] File [E:/Ex2Github/Ex2/Saved/Config/Windows/Scalability.ini]
[2023.07.14-05.14.47:155][  0]LogConfig: Setting CVar [[r.Streaming.MipBias:0]]
[2023.07.14-05.14.47:155][  0]LogConfig: Setting CVar [[r.Streaming.AmortizeCPUToGPUCopy:0]]
[2023.07.14-05.14.47:155][  0]LogConfig: Setting CVar [[r.Streaming.MaxNumTexturesToStreamPerFrame:0]]
[2023.07.14-05.14.47:155][  0]LogConfig: Setting CVar [[r.Streaming.Boost:1]]
[2023.07.14-05.14.47:155][  0]LogConfig: Setting CVar [[r.MaxAnisotropy:8]]
[2023.07.14-05.14.47:155][  0]LogConfig: Setting CVar [[r.VT.MaxAnisotropy:8]]
[2023.07.14-05.14.47:155][  0]LogConfig: Setting CVar [[r.Streaming.LimitPoolSizeToVRAM:0]]
[2023.07.14-05.14.47:155][  0]LogConfig: Setting CVar [[r.Streaming.PoolSize:1000]]
[2023.07.14-05.14.47:155][  0]LogConfig: Setting CVar [[r.Streaming.MaxEffectiveScreenSize:0]]
[2023.07.14-05.14.47:155][  0]LogConfig: Applying CVar settings from Section [EffectsQuality@3] File [E:/Ex2Github/Ex2/Saved/Config/Windows/Scalability.ini]
[2023.07.14-05.14.47:155][  0]LogConfig: Setting CVar [[r.TranslucencyLightingVolumeDim:64]]
[2023.07.14-05.14.47:155][  0]LogConfig: Setting CVar [[r.RefractionQuality:2]]
[2023.07.14-05.14.47:155][  0]LogConfig: Setting CVar [[r.SSR.Quality:3]]
[2023.07.14-05.14.47:155][  0]LogConfig: Setting CVar [[r.SSR.HalfResSceneColor:0]]
[2023.07.14-05.14.47:155][  0]LogConfig: Setting CVar [[r.SceneColorFormat:4]]
[2023.07.14-05.14.47:155][  0]LogConfig: Setting CVar [[r.DetailMode:2]]
[2023.07.14-05.14.47:155][  0]LogConfig: Setting CVar [[r.TranslucencyVolumeBlur:1]]
[2023.07.14-05.14.47:155][  0]LogConfig: Setting CVar [[r.MaterialQualityLevel:1 ; High quality]]
[2023.07.14-05.14.47:155][  0]LogConfig: Setting CVar [[r.AnisotropicMaterials:1]]
[2023.07.14-05.14.47:155][  0]LogConfig: Setting CVar [[r.SSS.Scale:1]]
[2023.07.14-05.14.47:155][  0]LogConfig: Setting CVar [[r.SSS.SampleSet:2]]
[2023.07.14-05.14.47:155][  0]LogConfig: Setting CVar [[r.SSS.Quality:1]]
[2023.07.14-05.14.47:155][  0]LogConfig: Setting CVar [[r.SSS.HalfRes:0]]
[2023.07.14-05.14.47:155][  0]LogConfig: Setting CVar [[r.SSGI.Quality:3]]
[2023.07.14-05.14.47:155][  0]LogConfig: Setting CVar [[r.EmitterSpawnRateScale:1.0]]
[2023.07.14-05.14.47:155][  0]LogConfig: Setting CVar [[r.ParticleLightQuality:2]]
[2023.07.14-05.14.47:155][  0]LogConfig: Setting CVar [[r.SkyAtmosphere.AerialPerspectiveLUT.FastApplyOnOpaque:1 ; Always have FastSkyLUT 1 in this case to avoid wrong sky]]
[2023.07.14-05.14.47:155][  0]LogConfig: Setting CVar [[r.SkyAtmosphere.AerialPerspectiveLUT.SampleCountMaxPerSlice:4]]
[2023.07.14-05.14.47:155][  0]LogConfig: Setting CVar [[r.SkyAtmosphere.AerialPerspectiveLUT.DepthResolution:16.0]]
[2023.07.14-05.14.47:155][  0]LogConfig: Setting CVar [[r.SkyAtmosphere.FastSkyLUT:1]]
[2023.07.14-05.14.47:155][  0]LogConfig: Setting CVar [[r.SkyAtmosphere.FastSkyLUT.SampleCountMin:4.0]]
[2023.07.14-05.14.47:155][  0]LogConfig: Setting CVar [[r.SkyAtmosphere.FastSkyLUT.SampleCountMax:128.0]]
[2023.07.14-05.14.47:155][  0]LogConfig: Setting CVar [[r.SkyAtmosphere.SampleCountMin:4.0]]
[2023.07.14-05.14.47:155][  0]LogConfig: Setting CVar [[r.SkyAtmosphere.SampleCountMax:128.0]]
[2023.07.14-05.14.47:155][  0]LogConfig: Setting CVar [[r.SkyAtmosphere.TransmittanceLUT.UseSmallFormat:0]]
[2023.07.14-05.14.47:155][  0]LogConfig: Setting CVar [[r.SkyAtmosphere.TransmittanceLUT.SampleCount:10.0]]
[2023.07.14-05.14.47:156][  0]LogConfig: Setting CVar [[r.SkyAtmosphere.MultiScatteringLUT.SampleCount:15.0]]
[2023.07.14-05.14.47:156][  0]LogConfig: Setting CVar [[r.SkyLight.RealTimeReflectionCapture:1]]
[2023.07.14-05.14.47:156][  0]LogConfig: Applying CVar settings from Section [FoliageQuality@3] File [E:/Ex2Github/Ex2/Saved/Config/Windows/Scalability.ini]
[2023.07.14-05.14.47:156][  0]LogConfig: Setting CVar [[foliage.DensityScale:1.0]]
[2023.07.14-05.14.47:156][  0]LogConfig: Setting CVar [[grass.DensityScale:1.0]]
[2023.07.14-05.14.47:156][  0]LogConfig: Applying CVar settings from Section [ShadingQuality@3] File [E:/Ex2Github/Ex2/Saved/Config/Windows/Scalability.ini]
[2023.07.14-05.14.47:156][  0]LogConfig: Setting CVar [[r.HairStrands.SkyLighting.IntegrationType:2]]
[2023.07.14-05.14.47:156][  0]LogConfig: Setting CVar [[r.HairStrands.SkyAO.SampleCount:4]]
[2023.07.14-05.14.47:156][  0]LogConfig: Setting CVar [[r.HairStrands.Visibility.MSAA.SamplePerPixel:4]]
[2023.07.14-05.14.47:156][  0]LogInit: Selected Device Profile: [Windows]
[2023.07.14-05.14.47:156][  0]LogInit: Applying CVar settings loaded from the selected device profile: [Windows]
[2023.07.14-05.14.47:156][  0]LogHAL: Display: Platform has ~ 16 GB [17116610560 / 17179869184 / 16], which maps to Larger [LargestMinGB=32, LargerMinGB=12, DefaultMinGB=8, SmallerMinGB=6, SmallestMinGB=0)
[2023.07.14-05.14.47:156][  0]LogInit: Going up to parent DeviceProfile []
[2023.07.14-05.14.47:156][  0]LogConfig: Applying CVar settings from Section [ViewDistanceQuality@3] File [E:/Ex2Github/Ex2/Saved/Config/Windows/Scalability.ini]
[2023.07.14-05.14.47:156][  0]LogConfig: Setting CVar [[r.SkeletalMeshLODBias:0]]
[2023.07.14-05.14.47:156][  0]LogConfig: Setting CVar [[r.ViewDistanceScale:1.0]]
[2023.07.14-05.14.47:156][  0]LogConfig: Applying CVar settings from Section [AntiAliasingQuality@3] File [E:/Ex2Github/Ex2/Saved/Config/Windows/Scalability.ini]
[2023.07.14-05.14.47:156][  0]LogConfig: Setting CVar [[r.PostProcessAAQuality:4]]
[2023.07.14-05.14.47:156][  0]LogConfig: Applying CVar settings from Section [ShadowQuality@3] File [E:/Ex2Github/Ex2/Saved/Config/Windows/Scalability.ini]
[2023.07.14-05.14.47:156][  0]LogConfig: Setting CVar [[r.LightFunctionQuality:1]]
[2023.07.14-05.14.47:156][  0]LogConfig: Setting CVar [[r.ShadowQuality:5]]
[2023.07.14-05.14.47:156][  0]LogConfig: Setting CVar [[r.Shadow.CSM.MaxCascades:10]]
[2023.07.14-05.14.47:156][  0]LogConfig: Setting CVar [[r.Shadow.MaxResolution:2048]]
[2023.07.14-05.14.47:156][  0]LogConfig: Setting CVar [[r.Shadow.MaxCSMResolution:2048]]
[2023.07.14-05.14.47:156][  0]LogConfig: Setting CVar [[r.Shadow.RadiusThreshold:0.01]]
[2023.07.14-05.14.47:156][  0]LogConfig: Setting CVar [[r.Shadow.DistanceScale:1.0]]
[2023.07.14-05.14.47:156][  0]LogConfig: Setting CVar [[r.Shadow.CSM.TransitionScale:1.0]]
[2023.07.14-05.14.47:156][  0]LogConfig: Setting CVar [[r.Shadow.PreShadowResolutionFactor:1.0]]
[2023.07.14-05.14.47:156][  0]LogConfig: Setting CVar [[r.DistanceFieldShadowing:1]]
[2023.07.14-05.14.47:156][  0]LogConfig: Setting CVar [[r.DistanceFieldAO:1]]
[2023.07.14-05.14.47:156][  0]LogConfig: Setting CVar [[r.AOQuality:2]]
[2023.07.14-05.14.47:156][  0]LogConfig: Setting CVar [[r.VolumetricFog:1]]
[2023.07.14-05.14.47:156][  0]LogConfig: Setting CVar [[r.VolumetricFog.GridPixelSize:8]]
[2023.07.14-05.14.47:156][  0]LogConfig: Setting CVar [[r.VolumetricFog.GridSizeZ:128]]
[2023.07.14-05.14.47:156][  0]LogConfig: Setting CVar [[r.VolumetricFog.HistoryMissSupersampleCount:4]]
[2023.07.14-05.14.47:156][  0]LogConfig: Setting CVar [[r.LightMaxDrawDistanceScale:1]]
[2023.07.14-05.14.47:156][  0]LogConfig: Setting CVar [[r.CapsuleShadows:1]]
[2023.07.14-05.14.47:156][  0]LogConfig: Applying CVar settings from Section [PostProcessQuality@3] File [E:/Ex2Github/Ex2/Saved/Config/Windows/Scalability.ini]
[2023.07.14-05.14.47:157][  0]LogConfig: Setting CVar [[r.MotionBlurQuality:4]]
[2023.07.14-05.14.47:157][  0]LogConfig: Setting CVar [[r.AmbientOcclusionMipLevelFactor:0.4]]
[2023.07.14-05.14.47:157][  0]LogConfig: Setting CVar [[r.AmbientOcclusionMaxQuality:100]]
[2023.07.14-05.14.47:157][  0]LogConfig: Setting CVar [[r.AmbientOcclusionLevels:-1]]
[2023.07.14-05.14.47:157][  0]LogConfig: Setting CVar [[r.AmbientOcclusionRadiusScale:1.0]]
[2023.07.14-05.14.47:157][  0]LogConfig: Setting CVar [[r.DepthOfFieldQuality:2]]
[2023.07.14-05.14.47:157][  0]LogConfig: Setting CVar [[r.RenderTargetPoolMin:400]]
[2023.07.14-05.14.47:157][  0]LogConfig: Setting CVar [[r.LensFlareQuality:2]]
[2023.07.14-05.14.47:157][  0]LogConfig: Setting CVar [[r.SceneColorFringeQuality:1]]
[2023.07.14-05.14.47:157][  0]LogConfig: Setting CVar [[r.EyeAdaptationQuality:2]]
[2023.07.14-05.14.47:157][  0]LogConfig: Setting CVar [[r.BloomQuality:5]]
[2023.07.14-05.14.47:157][  0]LogConfig: Setting CVar [[r.FastBlurThreshold:100]]
[2023.07.14-05.14.47:157][  0]LogConfig: Setting CVar [[r.Upscale.Quality:3]]
[2023.07.14-05.14.47:157][  0]LogConfig: Setting CVar [[r.Tonemapper.GrainQuantization:1]]
[2023.07.14-05.14.47:157][  0]LogConfig: Setting CVar [[r.LightShaftQuality:1]]
[2023.07.14-05.14.47:157][  0]LogConfig: Setting CVar [[r.Filter.SizeScale:1]]
[2023.07.14-05.14.47:157][  0]LogConfig: Setting CVar [[r.Tonemapper.Quality:5]]
[2023.07.14-05.14.47:157][  0]LogConfig: Setting CVar [[r.DOF.Gather.AccumulatorQuality:1        ; higher gathering accumulator quality]]
[2023.07.14-05.14.47:157][  0]LogConfig: Setting CVar [[r.DOF.Gather.PostfilterMethod:1          ; Median3x3 postfilering method]]
[2023.07.14-05.14.47:157][  0]LogConfig: Setting CVar [[r.DOF.Gather.EnableBokehSettings:0       ; no bokeh simulation when gathering]]
[2023.07.14-05.14.47:157][  0]LogConfig: Setting CVar [[r.DOF.Gather.RingCount:4                 ; medium number of samples when gathering]]
[2023.07.14-05.14.47:157][  0]LogConfig: Setting CVar [[r.DOF.Scatter.ForegroundCompositing:1    ; additive foreground scattering]]
[2023.07.14-05.14.47:157][  0]LogConfig: Setting CVar [[r.DOF.Scatter.BackgroundCompositing:2    ; additive background scattering]]
[2023.07.14-05.14.47:157][  0]LogConfig: Setting CVar [[r.DOF.Scatter.EnableBokehSettings:1      ; bokeh simulation when scattering]]
[2023.07.14-05.14.47:157][  0]LogConfig: Setting CVar [[r.DOF.Scatter.MaxSpriteRatio:0.1         ; only a maximum of 10% of scattered bokeh]]
[2023.07.14-05.14.47:157][  0]LogConfig: Setting CVar [[r.DOF.Recombine.Quality:1                ; cheap slight out of focus]]
[2023.07.14-05.14.47:157][  0]LogConfig: Setting CVar [[r.DOF.Recombine.EnableBokehSettings:0    ; no bokeh simulation on slight out of focus]]
[2023.07.14-05.14.47:157][  0]LogConfig: Setting CVar [[r.DOF.TemporalAAQuality:1                ; more stable temporal accumulation]]
[2023.07.14-05.14.47:157][  0]LogConfig: Setting CVar [[r.DOF.Kernel.MaxForegroundRadius:0.025]]
[2023.07.14-05.14.47:157][  0]LogConfig: Setting CVar [[r.DOF.Kernel.MaxBackgroundRadius:0.025]]
[2023.07.14-05.14.47:157][  0]LogConfig: Applying CVar settings from Section [TextureQuality@3] File [E:/Ex2Github/Ex2/Saved/Config/Windows/Scalability.ini]
[2023.07.14-05.14.47:157][  0]LogConfig: Setting CVar [[r.Streaming.MipBias:0]]
[2023.07.14-05.14.47:157][  0]LogConfig: Setting CVar [[r.Streaming.AmortizeCPUToGPUCopy:0]]
[2023.07.14-05.14.47:157][  0]LogConfig: Setting CVar [[r.Streaming.MaxNumTexturesToStreamPerFrame:0]]
[2023.07.14-05.14.47:157][  0]LogConfig: Setting CVar [[r.Streaming.Boost:1]]
[2023.07.14-05.14.47:157][  0]LogConfig: Setting CVar [[r.MaxAnisotropy:8]]
[2023.07.14-05.14.47:157][  0]LogConfig: Setting CVar [[r.VT.MaxAnisotropy:8]]
[2023.07.14-05.14.47:157][  0]LogConfig: Setting CVar [[r.Streaming.LimitPoolSizeToVRAM:0]]
[2023.07.14-05.14.47:157][  0]LogConfig: Setting CVar [[r.Streaming.PoolSize:1000]]
[2023.07.14-05.14.47:157][  0]LogConfig: Setting CVar [[r.Streaming.MaxEffectiveScreenSize:0]]
[2023.07.14-05.14.47:157][  0]LogConfig: Applying CVar settings from Section [EffectsQuality@3] File [E:/Ex2Github/Ex2/Saved/Config/Windows/Scalability.ini]
[2023.07.14-05.14.47:157][  0]LogConfig: Setting CVar [[r.TranslucencyLightingVolumeDim:64]]
[2023.07.14-05.14.47:157][  0]LogConfig: Setting CVar [[r.RefractionQuality:2]]
[2023.07.14-05.14.47:157][  0]LogConfig: Setting CVar [[r.SSR.Quality:3]]
[2023.07.14-05.14.47:157][  0]LogConfig: Setting CVar [[r.SSR.HalfResSceneColor:0]]
[2023.07.14-05.14.47:157][  0]LogConfig: Setting CVar [[r.SceneColorFormat:4]]
[2023.07.14-05.14.47:157][  0]LogConfig: Setting CVar [[r.DetailMode:2]]
[2023.07.14-05.14.47:157][  0]LogConfig: Setting CVar [[r.TranslucencyVolumeBlur:1]]
[2023.07.14-05.14.47:157][  0]LogConfig: Setting CVar [[r.MaterialQualityLevel:1 ; High quality]]
[2023.07.14-05.14.47:157][  0]LogConfig: Setting CVar [[r.AnisotropicMaterials:1]]
[2023.07.14-05.14.47:157][  0]LogConfig: Setting CVar [[r.SSS.Scale:1]]
[2023.07.14-05.14.47:157][  0]LogConfig: Setting CVar [[r.SSS.SampleSet:2]]
[2023.07.14-05.14.47:157][  0]LogConfig: Setting CVar [[r.SSS.Quality:1]]
[2023.07.14-05.14.47:157][  0]LogConfig: Setting CVar [[r.SSS.HalfRes:0]]
[2023.07.14-05.14.47:157][  0]LogConfig: Setting CVar [[r.SSGI.Quality:3]]
[2023.07.14-05.14.47:157][  0]LogConfig: Setting CVar [[r.EmitterSpawnRateScale:1.0]]
[2023.07.14-05.14.47:157][  0]LogConfig: Setting CVar [[r.ParticleLightQuality:2]]
[2023.07.14-05.14.47:157][  0]LogConfig: Setting CVar [[r.SkyAtmosphere.AerialPerspectiveLUT.FastApplyOnOpaque:1 ; Always have FastSkyLUT 1 in this case to avoid wrong sky]]
[2023.07.14-05.14.47:157][  0]LogConfig: Setting CVar [[r.SkyAtmosphere.AerialPerspectiveLUT.SampleCountMaxPerSlice:4]]
[2023.07.14-05.14.47:157][  0]LogConfig: Setting CVar [[r.SkyAtmosphere.AerialPerspectiveLUT.DepthResolution:16.0]]
[2023.07.14-05.14.47:157][  0]LogConfig: Setting CVar [[r.SkyAtmosphere.FastSkyLUT:1]]
[2023.07.14-05.14.47:157][  0]LogConfig: Setting CVar [[r.SkyAtmosphere.FastSkyLUT.SampleCountMin:4.0]]
[2023.07.14-05.14.47:157][  0]LogConfig: Setting CVar [[r.SkyAtmosphere.FastSkyLUT.SampleCountMax:128.0]]
[2023.07.14-05.14.47:157][  0]LogConfig: Setting CVar [[r.SkyAtmosphere.SampleCountMin:4.0]]
[2023.07.14-05.14.47:157][  0]LogConfig: Setting CVar [[r.SkyAtmosphere.SampleCountMax:128.0]]
[2023.07.14-05.14.47:157][  0]LogConfig: Setting CVar [[r.SkyAtmosphere.TransmittanceLUT.UseSmallFormat:0]]
[2023.07.14-05.14.47:157][  0]LogConfig: Setting CVar [[r.SkyAtmosphere.TransmittanceLUT.SampleCount:10.0]]
[2023.07.14-05.14.47:157][  0]LogConfig: Setting CVar [[r.SkyAtmosphere.MultiScatteringLUT.SampleCount:15.0]]
[2023.07.14-05.14.47:157][  0]LogConfig: Setting CVar [[r.SkyLight.RealTimeReflectionCapture:1]]
[2023.07.14-05.14.47:157][  0]LogConfig: Applying CVar settings from Section [FoliageQuality@3] File [E:/Ex2Github/Ex2/Saved/Config/Windows/Scalability.ini]
[2023.07.14-05.14.47:158][  0]LogConfig: Setting CVar [[foliage.DensityScale:1.0]]
[2023.07.14-05.14.47:158][  0]LogConfig: Setting CVar [[grass.DensityScale:1.0]]
[2023.07.14-05.14.47:158][  0]LogConfig: Applying CVar settings from Section [ShadingQuality@3] File [E:/Ex2Github/Ex2/Saved/Config/Windows/Scalability.ini]
[2023.07.14-05.14.47:158][  0]LogConfig: Setting CVar [[r.HairStrands.SkyLighting.IntegrationType:2]]
[2023.07.14-05.14.47:158][  0]LogConfig: Setting CVar [[r.HairStrands.SkyAO.SampleCount:4]]
[2023.07.14-05.14.47:158][  0]LogConfig: Setting CVar [[r.HairStrands.Visibility.MSAA.SamplePerPixel:4]]
[2023.07.14-05.14.47:158][  0]LogConfig: Applying CVar settings from Section [Startup] File [../../../Engine/Config/ConsoleVariables.ini]
[2023.07.14-05.14.47:158][  0]LogConfig: Setting CVar [[net.UseAdaptiveNetUpdateFrequency:0]]
[2023.07.14-05.14.47:158][  0]LogConfig: Setting CVar [[p.chaos.AllowCreatePhysxBodies:1]]
[2023.07.14-05.14.47:158][  0]LogConfig: Setting CVar [[fx.SkipVectorVMBackendOptimizations:1]]
[2023.07.14-05.14.47:158][  0]LogConfig: Applying CVar settings from Section [ConsoleVariables] File [E:/Ex2Github/Ex2/Saved/Config/Windows/Engine.ini]
[2023.07.14-05.14.47:158][  0]LogConfig: Applying CVar settings from Section [ConsoleVariables] File [E:/Ex2Github/Ex2/Saved/Config/Windows/Editor.ini]
[2023.07.14-05.14.47:159][  0]LogInit: Computer: DESKTOP-SI6OOMG
[2023.07.14-05.14.47:159][  0]LogInit: User: RC
[2023.07.14-05.14.47:159][  0]LogInit: CPU Page size=4096, Cores=4
[2023.07.14-05.14.47:159][  0]LogInit: High frequency timer resolution =10.000000 MHz
[2023.07.14-05.14.47:159][  0]LogMemory: Memory total: Physical=15.9GB (16GB approx)
[2023.07.14-05.14.47:159][  0]LogMemory: Platform Memory Stats for Windows
[2023.07.14-05.14.47:159][  0]LogMemory: Process Physical Memory: 142.68 MB used, 142.68 MB peak
[2023.07.14-05.14.47:159][  0]LogMemory: Process Virtual Memory: 127.07 MB used, 127.07 MB peak
[2023.07.14-05.14.47:159][  0]LogMemory: Physical Memory: 8181.44 MB used,  8142.23 MB free, 16323.67 MB total
[2023.07.14-05.14.47:159][  0]LogMemory: Virtual Memory: 134212928.00 MB used,  4797.62 MB free, 134217728.00 MB total
[2023.07.14-05.14.47:165][  0]LogWindows: WindowsPlatformFeatures enabled
[2023.07.14-05.14.47:224][  0]LogInit: Physics initialised using underlying interface: PhysX
[2023.07.14-05.14.47:224][  0]LogInit: Using OS detected language (en-US).
[2023.07.14-05.14.47:224][  0]LogInit: Using OS detected locale (en-US).
[2023.07.14-05.14.47:249][  0]LogTextLocalizationManager: No specific localization for 'en-US' exists, so the 'en' localization will be used.
[2023.07.14-05.14.47:678][  0]LogWindowsTextInputMethodSystem: Display: IME system deactivated.
[2023.07.14-05.14.47:721][  0]LogSlate: New Slate User Created.  User Index 0, Is Virtual User: 0
[2023.07.14-05.14.47:721][  0]LogSlate: Slate User Registered.  User Index 0, Is Virtual User: 0
[2023.07.14-05.14.47:748][  0]LogD3D11RHI: Loaded GFSDK_Aftermath_Lib.x64.dll
[2023.07.14-05.14.47:752][  0]LogHMD: Failed to initialize OpenVR with code 110
[2023.07.14-05.14.47:752][  0]LogD3D11RHI: D3D11 min allowed feature level: 11_0
[2023.07.14-05.14.47:752][  0]LogD3D11RHI: D3D11 max allowed feature level: 11_0
[2023.07.14-05.14.47:752][  0]LogD3D11RHI: D3D11 adapters:
[2023.07.14-05.14.47:881][  0]LogD3D11RHI:    0. 'NVIDIA GeForce GTX 770' (Feature Level 11_0)
[2023.07.14-05.14.47:881][  0]LogD3D11RHI:       4052/0/8161 MB DedicatedVideo/DedicatedSystem/SharedSystem, Outputs:2, VendorId:0x10de
[2023.07.14-05.14.47:884][  0]LogD3D11RHI:    1. 'Microsoft Basic Render Driver' (Feature Level 11_0)
[2023.07.14-05.14.47:884][  0]LogD3D11RHI:       0/0/8161 MB DedicatedVideo/DedicatedSystem/SharedSystem, Outputs:0, VendorId:0x1414
[2023.07.14-05.14.47:884][  0]LogD3D11RHI: Chosen D3D11 Adapter:
[2023.07.14-05.14.47:884][  0]LogD3D11RHI:     Description : NVIDIA GeForce GTX 770
[2023.07.14-05.14.47:884][  0]LogD3D11RHI:     VendorId    : 10de
[2023.07.14-05.14.47:885][  0]LogD3D11RHI:     DeviceId    : 1184
[2023.07.14-05.14.47:885][  0]LogD3D11RHI:     SubSysId    : 37763842
[2023.07.14-05.14.47:885][  0]LogD3D11RHI:     Revision    : 00a1
[2023.07.14-05.14.47:885][  0]LogD3D11RHI:     DedicatedVideoMemory : 4249223168 bytes
[2023.07.14-05.14.47:885][  0]LogD3D11RHI:     DedicatedSystemMemory : 0 bytes
[2023.07.14-05.14.47:885][  0]LogD3D11RHI:     SharedSystemMemory : 8558305280 bytes
[2023.07.14-05.14.47:885][  0]LogD3D11RHI:     AdapterLuid : 0 43238
[2023.07.14-05.14.47:891][  0]LogD3D11RHI: Creating new Direct3DDevice
[2023.07.14-05.14.47:891][  0]LogD3D11RHI:     GPU DeviceId: 0x1184 (for the marketing name, search the web for "GPU Device Id")
[2023.07.14-05.14.47:891][  0]LogWindows: EnumDisplayDevices:
[2023.07.14-05.14.47:891][  0]LogWindows:    0. 'NVIDIA GeForce GTX 770' (P:0 D:1)
[2023.07.14-05.14.47:891][  0]LogWindows:    1. 'NVIDIA GeForce GTX 770' (P:1 D:1)
[2023.07.14-05.14.47:892][  0]LogWindows:    2. 'NVIDIA GeForce GTX 770' (P:0 D:0)
[2023.07.14-05.14.47:892][  0]LogWindows:    3. 'NVIDIA GeForce GTX 770' (P:0 D:0)
[2023.07.14-05.14.47:892][  0]LogWindows: DebugString: FoundDriverCount:4 
[2023.07.14-05.14.47:892][  0]LogD3D11RHI:     Adapter Name: NVIDIA GeForce GTX 770
[2023.07.14-05.14.47:892][  0]LogD3D11RHI:   Driver Version: 473.81 (internal:30.0.14.7381, unified:473.81)
[2023.07.14-05.14.47:892][  0]LogD3D11RHI:      Driver Date: 7-11-2022
[2023.07.14-05.14.47:892][  0]LogRHI: Texture pool is 2836 MB (70% of 4052 MB)
[2023.07.14-05.14.47:892][  0]LogD3D11RHI: Creating D3DDevice using adapter:
[2023.07.14-05.14.47:892][  0]LogD3D11RHI:     Description : NVIDIA GeForce GTX 770
[2023.07.14-05.14.47:892][  0]LogD3D11RHI:     VendorId    : 10de
[2023.07.14-05.14.47:892][  0]LogD3D11RHI:     DeviceId    : 1184
[2023.07.14-05.14.47:892][  0]LogD3D11RHI:     SubSysId    : 37763842
[2023.07.14-05.14.47:892][  0]LogD3D11RHI:     Revision    : 00a1
[2023.07.14-05.14.47:892][  0]LogD3D11RHI:     DedicatedVideoMemory : 4249223168 bytes
[2023.07.14-05.14.47:892][  0]LogD3D11RHI:     DedicatedSystemMemory : 0 bytes
[2023.07.14-05.14.47:892][  0]LogD3D11RHI:     SharedSystemMemory : 8558305280 bytes
[2023.07.14-05.14.47:892][  0]LogD3D11RHI:     AdapterLuid : 0 43238
[2023.07.14-05.14.47:987][  0]LogD3D11RHI: RHI does not have support for 64 bit atomics
[2023.07.14-05.14.48:000][  0]LogD3D11RHI: Async texture creation enabled
[2023.07.14-05.14.48:023][  0]LogD3D11RHI: GPU Timing Frequency: 1000.000000 (Debug: 2 1)
[2023.07.14-05.14.48:075][  0]LogRHI: GeForceNow SDK initialized: 1
[2023.07.14-05.14.48:650][  0]LogTargetPlatformManager: Display: Loaded TargetPlatform 'WindowsNoEditor'
[2023.07.14-05.14.48:656][  0]LogTargetPlatformManager: Display: Loaded TargetPlatform 'Windows'
[2023.07.14-05.14.48:661][  0]LogTargetPlatformManager: Display: Loaded TargetPlatform 'WindowsClient'
[2023.07.14-05.14.48:665][  0]LogTargetPlatformManager: Display: Loaded TargetPlatform 'WindowsServer'
[2023.07.14-05.14.48:665][  0]LogTargetPlatformManager: Display: Building Assets For Windows
[2023.07.14-05.14.48:672][  0]LogAudioDebug: Display: Lib vorbis DLL was dynamically loaded.
[2023.07.14-05.14.48:704][  0]LogTextureFormatOodle: Display: Oodle Texture 2.9.0 init RDO Off
[2023.07.14-05.14.48:735][  0]LogRendererCore: Ray tracing is disabled. Reason: r.RayTracing=0.
[2023.07.14-05.14.48:736][  0]LogShaderCompilers: Guid format shader working directory is 14 characters bigger than the processId version (../../../../../Ex2Github/Ex2/Intermediate/Shaders/WorkingDirectory/11452/).
[2023.07.14-05.14.48:736][  0]LogShaderCompilers: Cleaned the shader compiler working directory 'C:/Users/RC/AppData/Local/Temp/UnrealShaderWorkingDir/95E8E3B644478EDD0B0EABA4B5E0767A/'.
[2023.07.14-05.14.48:736][  0]LogXGEController: Cannot use XGE Controller as Incredibuild is not installed on this machine.
[2023.07.14-05.14.48:736][  0]LogShaderCompilers: Cannot use XGE Shader Compiler as Incredibuild is not installed on this machine.
[2023.07.14-05.14.48:736][  0]LogShaderCompilers: Display: Using Local Shader Compiler.
[2023.07.14-05.14.49:774][  0]LogDerivedDataCache: Display: Max Cache Size: 512 MB
[2023.07.14-05.14.49:943][  0]LogDerivedDataCache: Loaded boot cache 0.17s 96MB C:/Users/RC/AppData/Local/UnrealEngine/4.27/DerivedDataCache/Boot.ddc.
[2023.07.14-05.14.49:943][  0]LogDerivedDataCache: Display: Loaded Boot cache: C:/Users/RC/AppData/Local/UnrealEngine/4.27/DerivedDataCache/Boot.ddc
[2023.07.14-05.14.49:943][  0]LogDerivedDataCache: FDerivedDataBackendGraph:  Pak pak cache file ../../../../../Ex2Github/Ex2/DerivedDataCache/DDC.ddp not found, will not use a pak cache.
[2023.07.14-05.14.49:943][  0]LogDerivedDataCache: Unable to find inner node Pak for hierarchical cache Hierarchy.
[2023.07.14-05.14.49:943][  0]LogDerivedDataCache: FDerivedDataBackendGraph:  CompressedPak pak cache file ../../../../../Ex2Github/Ex2/DerivedDataCache/Compressed.ddp not found, will not use a pak cache.
[2023.07.14-05.14.49:943][  0]LogDerivedDataCache: Unable to find inner node CompressedPak for hierarchical cache Hierarchy.
[2023.07.14-05.14.49:976][  0]LogDerivedDataCache: Display: Pak cache opened for reading ../../../Engine/DerivedDataCache/Compressed.ddp.
[2023.07.14-05.14.49:976][  0]LogDerivedDataCache: FDerivedDataBackendGraph:  EnterprisePak pak cache file ../../../Enterprise/DerivedDataCache/Compressed.ddp not found, will not use a pak cache.
[2023.07.14-05.14.49:976][  0]LogDerivedDataCache: Unable to find inner node EnterprisePak for hierarchical cache Hierarchy.
[2023.07.14-05.14.49:988][  0]LogDerivedDataCache: Speed tests for C:/Users/RC/AppData/Local/UnrealEngine/Common/DerivedDataCache took 0.01 seconds
[2023.07.14-05.14.49:989][  0]LogDerivedDataCache: Display: Performance to C:/Users/RC/AppData/Local/UnrealEngine/Common/DerivedDataCache: Latency=0.07ms. RandomReadSpeed=449.58MBs, RandomWriteSpeed=98.06MBs. Assigned SpeedClass 'Local'
[2023.07.14-05.14.50:024][  0]LogDerivedDataCache: Using Local data cache path C:/Users/RC/AppData/Local/UnrealEngine/Common/DerivedDataCache: Writable
[2023.07.14-05.14.50:024][  0]LogDerivedDataCache: Shared data cache path not found in *engine.ini, will not use an Shared cache.
[2023.07.14-05.14.50:024][  0]LogDerivedDataCache: Unable to find inner node Shared for hierarchical cache Hierarchy.
[2023.07.14-05.14.50:069][  0]LogSlate: Using FreeType 2.10.0
[2023.07.14-05.14.50:070][  0]LogSlate: SlateFontServices - WITH_FREETYPE: 1, WITH_HARFBUZZ: 1
[2023.07.14-05.14.50:191][  0]LogInit: Using OS detected language (en-US).
[2023.07.14-05.14.50:191][  0]LogInit: Using OS detected locale (en-US).
[2023.07.14-05.14.50:191][  0]LogTextLocalizationManager: No localization for 'en-US' exists, so 'en' will be used for the language.
[2023.07.14-05.14.50:192][  0]LogTextLocalizationManager: No localization for 'en-US' exists, so 'en' will be used for the locale.
[2023.07.14-05.14.50:192][  0]LogSlate: FontCache flush requested. Reason: Culture for localization was changed
[2023.07.14-05.14.50:192][  0]LogSlate: FontCache flush requested. Reason: Culture for localization was changed
[2023.07.14-05.14.50:195][  0]LogAssetRegistry: FAssetRegistry took 0.0023 seconds to start up
[2023.07.14-05.14.50:419][  0]LogTextLocalizationManager: Compacting localization data took   0.01ms
[2023.07.14-05.14.50:419][  0]LogPackageLocalizationCache: Processed 27 localized package path(s) for 1 prioritized culture(s) in 0.001687 seconds
[2023.07.14-05.14.50:505][  0]LogInit: Selected Device Profile: [Windows]
[2023.07.14-05.14.50:506][  0]LogInit: Active device profile: [00000164A6EBD300][00000164A66A45C0 49] Windows
[2023.07.14-05.14.50:506][  0]LogInit: Profiles: [00000164A6EBD300][00000164A66A45C0 49] Windows, [00000164A6E7AC00][00000164A6354740 49] WindowsNoEditor, [00000164A6EBE400][00000164A63588C0 49] WindowsServer, [00000164A6E7BB00][00000164A635CA40 49] WindowsClient, [00000164A6EBF300][00000164A22BEBC0 49] IOS, [00000164A6E79200][00000164A22C2D40 49] iPadAir, [00000164A6EBFE00][00000164A22C6EC0 49] iPadAir2, [00000164A6E2A100][00000164A22CF180 49] IPadPro, [00000164A6E2A200][00000164A22CB1C0 49] iPadAir3, [00000164A6E7BF00][00000164A22D3340 49] iPadAir4, [00000164A6E2B100][00000164A22D74C0 49] iPadMini2, [00000164A6E7AF00][00000164A22DB640 49] iPadMini3, [00000164A6E2BD00][00000164A6351780 49] iPadMini4, [00000164A6E7A000][00000164A22DF8C0 49] iPadMini5, [00000164A6E55A00][00000164A22E7B00 49] iPhone6, [00000164A6E55B00][00000164A22E3B40 49] iPodTouch6, [00000164A6EBEF00][00000164A22F2280 49] iPhone7, [00000164A6EBF000][00000164A22EE2C0 49] iPodTouch7, [00000164A6E29C00][00000164A22F6440 49] iPhone5S, [00000164A6EBD100][00000164A22FA5C0 49] iPhone6Plus, [00000164A6E29800][00000164A22FE740 49] iPhone6S, [00000164A6EBC400][00000164A23028C0 49] iPhone6SPlus, [00000164A6E28E00][00000164A2306A40 49] iPhone7Plus, [00000164A6EBD700][00000164A230ABC0 49] iPhoneSE, [00000164A6E28A00][00000164A230ED40 49] iPhone8, [00000164A6EBC800][00000164A2312EC0 49] iPhone8Plus, [00000164A6E29A00][00000164A2317040 49] iPhoneX, [00000164A6EBFD00][00000164A231B1C0 49] iPhoneXS, [00000164A6E54200][00000164A231F340 49] iPhoneXSMax, [00000164A6E28D00][00000164A23234C0 49] iPhoneXR, [00000164A6E54C00][00000164A2327640 49] iPhone11, [00000164A6E2AE00][00000164A232B7C0 49] iPhone11Pro, [00000164A6E55500][00000164A22EB900 49] iPhone11ProMax, [00000164A6E2BA00][00000164A232FA40 49] iPhoneSE2, [00000164A6E54400][00000164A2333B80 49] iPhone12Mini, [00000164A6E29200][00000164A2336140 49] iPhone12, [00000164A6E57C00][00000164A233E2C0 49] iPhone12Pro, [00000164A6E2A000][00000164A2342440 49] iPhone12ProMax, [00000164A6E56C00][00000164A23465C0 49] iPadPro105, [00000164A6EBE100][00000164A234A740 49] iPadPro129, [00000164A6E55100][00000164A234E8C0 49] iPadPro97, [00000164A6EBD000][00000164A2352A40 49] iPadPro2_129, [00000164A6E54D00][00000164A2356BC0 49] iPad5, [00000164A6EBDD00][00000164A235AD40 49] iPad6, [00000164A6E54600][00000164A235EEC0 49] iPad7, [00000164A6EBEE00][00000164A2363040 49] iPad8, [00000164A6E57100][00000164A23671C0 49] iPadPro11, [00000164A6EBDB00][00000164A236B340 49] iPadPro2_11, [00000164A6E54A00][00000164A236F4C0 49] iPadPro3_129, [00000164A6EBE200][00000164A2373640 49] iPadPro4_129, [00000164A6E56D00][00000164A23777C0 49] AppleTV, [00000164A6EBC100][00000164A237B940 49] AppleTV4K, [00000164A6E56600][00000164A237FAC0 49] TVOS, [00000164A6EBD500][00000164A233BC00 49] Mac, [00000164A6E57600][00000164A23821C0 49] MacClient, [00000164A6EBDF00][00000164A2386300 49] MacNoEditor, [00000164A6E57F00][00000164A238E480 49] MacServer, [00000164A6EBFA00][00000164A2392600 49] Linux, [00000164A6E55C00][00000164A2396780 49] LinuxAArch64, [00000164A6EBF800][00000164A239A900 49] LinuxNoEditor, [00000164A6E56400][00000164A239EA80 49] LinuxAArch64NoEditor, [00000164A6EBF500][00000164A23A2C00 49] LinuxClient, [00000164A6E55300][00000164A23A6D80 49] LinuxAArch64Client, [00000164A6EBC900][00000164A23AAF00 49] LinuxServer, [00000164A6E55200][00000164A23AF080 49] LinuxAArch64Server, [00000164A6EBF600][00000164A23B3200 49] Android, [00000164A6E55900][00000164A23B7380 49] Android_Low, [00000164A6EBE700][00000164A23BB500 49] Android_Mid, [00000164A6E56E00][00000164A23BF680 49] Android_High, [00000164A6EBE000][00000164A23C3800 49] Android_Default, [00000164A6E56800][00000164A23C7980 49] Android_Adreno4xx, [00000164A6EBCB00][00000164A23CBB00 49] Android_Adreno5xx_Low, [00000164A6E56F00][00000164A23CE100 49] Android_Adreno5xx, [00000164A6EBC300][00000164A238A240 49] Android_Adreno6xx, [00000164A6E57200][00000164A23D2380 49] Android_Adreno6xx_Vulkan, [00000164A6EBC500][00000164A23D64C0 49] Android_Mali_T6xx, [00000164A6E56B00][00000164A23DE640 49] Android_Mali_T7xx, [00000164A6EBC600][00000164A23E27C0 49] Android_Mali_T8xx, [00000164A6E54700][00000164A23E6940 49] Android_Mali_G71, [00000164A6EBFC00][00000164A23EAAC0 49] Android_Mali_G72, [00000164A6E55F00][00000164A23EEC40 49] Android_Mali_G72_Vulkan, [00000164A6EBF100][00000164A23F2DC0 49] Android_Mali_G76, [00000164A6E55E00][00000164A23F6F40 49] Android_Mali_G76_Vulkan, [00000164A6EBCA00][00000164A23FB0C0 49] Android_Mali_G77, [00000164A6E54900][00000164A23FF240 49] Android_Mali_G77_Vulkan, [00000164A6EBD800][00000164A24033C0 49] Android_Mali_G78, [00000164A6E57D00][00000164A2407540 49] Android_Mali_G78_Vulkan, [00000164A6E7A300][00000164A240B6C0 49] Android_Mali_G710, [00000164A6E2AF00][00000164A240F840 49] Android_Mali_G710_Vulkan, [00000164A6E7B800][00000164A24139C0 49] Android_Vulkan_SM5, [00000164A6E2AB00][00000164A2417B40 49] Android_PowerVR_G6xxx, [00000164A6E78400][00000164A241A140 49] Android_PowerVR_GT7xxx, [00000164A6E2A700][00000164A241E2C0 49] Android_PowerVR_GE8xxx, [00000164A6E78600][00000164A23DA400 49] Android_PowerVR_GM9xxx, [00000164A6E2A800][00000164A2422540 49] Android_PowerVR_GM9xxx_Vulkan, [00000164A6E79700][00000164A2426680 49] Android_TegraK1, [00000164A6E2B400][00000164A242A7C0 49] Android_Unknown_Vulkan, [00000164A6E78700][00000164A2432940 49] Lumin, [00000164A6E2AD00][00000164A2436AC0 49] Lumin_Desktop, [00000164A6E79C00][00000164A243AC40 49] HoloLens, 
[2023.07.14-05.14.50:552][  0]LogMeshReduction: Using QuadricMeshReduction for automatic static mesh reduction
[2023.07.14-05.14.50:552][  0]LogMeshReduction: Using SimplygonMeshReduction for automatic skeletal mesh reduction
[2023.07.14-05.14.50:552][  0]LogMeshReduction: Using ProxyLODMeshReduction for automatic mesh merging
[2023.07.14-05.14.50:552][  0]LogMeshReduction: No distributed automatic mesh merging module available
[2023.07.14-05.14.50:552][  0]LogMeshMerging: No distributed automatic mesh merging module available
[2023.07.14-05.14.50:705][  0]LogNetVersion: Ex2 1.0.0, NetCL: 17155196, EngineNetVer: 17, GameNetVer: 0 (Checksum: 3249199118)
[2023.07.14-05.14.51:014][  0]LogTexture: Default maximum texture size for cubemaps generated from long-lat sources has been changed from 512 to unlimited. In order to preserve old behaiour for '/Engine/MapTemplates/Sky/DaylightAmbientCubemap.DaylightAmbientCubemap', its maximum texture size has been explicitly set to 512.
[2023.07.14-05.14.51:082][  0]LogHMD: PokeAHoleMaterial loaded successfully
[2023.07.14-05.14.51:183][  0]LogMoviePlayer: Initializing movie player
[2023.07.14-05.14.51:289][  0]LogPython: Using Python 3.7.7
[2023.07.14-05.14.51:819][  0]LogNiagaraDebuggerClient: Niagara Debugger Client Initialized | Session: 8877A74A4D9A843EA1BA799725A0A597 | Instance: C1A6FC0D4DCD63244EE0CDB24B3ACCE3 (DESKTOP-SI6OOMG-11452).
[2023.07.14-05.14.51:839][  0]LogCollectionManager: Loaded 0 collections in 0.000687 seconds
[2023.07.14-05.14.51:842][  0]LogFileCache: Scanning file cache for directory 'E:/Ex2Github/Ex2/Saved/Collections/' took 0.00s
[2023.07.14-05.14.51:842][  0]LogFileCache: Scanning file cache for directory 'E:/Ex2Github/Ex2/Content/Developers/RC/Collections/' took 0.00s
[2023.07.14-05.14.51:842][  0]LogFileCache: Scanning file cache for directory 'E:/Ex2Github/Ex2/Content/Collections/' took 0.00s
[2023.07.14-05.14.51:842][  0]LogCollectionManager: Fixed up redirectors for 0 collections in 0.000002 seconds (updated 0 objects)
[2023.07.14-05.14.51:977][  0]LogTcpMessaging: Initializing TcpMessaging bridge
[2023.07.14-05.14.51:981][  0]LogUdpMessaging: Initializing bridge on interface 0.0.0.0:0 to multicast group 230.0.0.1:6666.
[2023.07.14-05.14.52:073][  0]SourceControl: Source control is disabled
[2023.07.14-05.14.52:073][  0]SourceControl: Source control is disabled
[2023.07.14-05.14.52:076][  0]SourceControl: Source control is disabled
[2023.07.14-05.14.52:081][  0]LogUProjectInfo: Found projects:
[2023.07.14-05.14.52:088][  0]LogVSAccessor: Display: Unable to create Visual Studio setup instance: 80040154
[2023.07.14-05.14.52:089][  0]LogVSAccessor: Display: Unable to create Visual Studio setup instance: 80040154
[2023.07.14-05.14.52:089][  0]LogVSAccessor: Display: Unable to create Visual Studio setup instance: 80040154
[2023.07.14-05.14.52:163][  0]LogOpenImageDenoise: OIDN starting up
[2023.07.14-05.14.52:215][  0]LogAudioCaptureCore: Display: No Audio Capture implementations found. Audio input will be silent.
[2023.07.14-05.14.52:215][  0]LogAudioCaptureCore: Display: No Audio Capture implementations found. Audio input will be silent.
[2023.07.14-05.14.52:221][  0]LogAndroidPermission: UAndroidPermissionCallbackProxy::GetInstance
[2023.07.14-05.14.52:291][  0]LogOcInput: OculusInput pre-init called
[2023.07.14-05.14.52:302][  0]LogUObjectArray: 22121 objects as part of root set at end of initial load.
[2023.07.14-05.14.52:302][  0]LogUObjectAllocator: 5975632 out of 0 bytes used by permanent object pool.
[2023.07.14-05.14.52:302][  0]LogUObjectArray: CloseDisregardForGC: 0/0 objects in disregard for GC pool
[2023.07.14-05.14.52:351][  0]LogEngine: Initializing Engine...
[2023.07.14-05.14.52:354][  0]LogHMD: Failed to enumerate extensions. Please check that you have a valid OpenXR runtime installed.
[2023.07.14-05.14.52:354][  0]LogHMD: Failed to initialize OpenVR with code 110
[2023.07.14-05.14.52:354][  0]LogMagicLeap: Warning: VR disabled because ZI is not enabled.  To enable, in the editor, Edit -> Project Settings -> Plugins -> Magic Leap Plugin -> Enable Zero Iteration
[2023.07.14-05.14.52:356][  0]LogStats: UGameplayTagsManager::InitializeManager -  0.000 s
[2023.07.14-05.14.52:473][  0]LogInit: Initializing FReadOnlyCVARCache
[2023.07.14-05.14.52:473][  0]LogAudio: Display: Initializing Audio Device Manager...
[2023.07.14-05.14.52:476][  0]LogAudio: Display: Loading Default Audio Settings Objects...
[2023.07.14-05.14.52:477][  0]LogAudio: Display: No default SoundConcurrencyObject specified (or failed to load).
[2023.07.14-05.14.52:477][  0]LogAudio: Display: Audio Device Manager Initialized
[2023.07.14-05.14.52:477][  0]LogAudio: Display: Creating Audio Device:                 Id: 1, Scope: Shared, Realtime: True
[2023.07.14-05.14.52:478][  0]LogAudioMixer: Display: Audio Mixer Platform Settings:
[2023.07.14-05.14.52:478][  0]LogAudioMixer: Display: 	Sample Rate:						  48000
[2023.07.14-05.14.52:478][  0]LogAudioMixer: Display: 	Callback Buffer Frame Size Requested: 1024
[2023.07.14-05.14.52:478][  0]LogAudioMixer: Display: 	Callback Buffer Frame Size To Use:	  1024
[2023.07.14-05.14.52:478][  0]LogAudioMixer: Display: 	Number of buffers to queue:			  2
[2023.07.14-05.14.52:478][  0]LogAudioMixer: Display: 	Max Channels (voices):				  32
[2023.07.14-05.14.52:478][  0]LogAudioMixer: Display: 	Number of Async Source Workers:		  0
[2023.07.14-05.14.52:478][  0]LogAudio: Display: AudioDevice MaxSources: 32
[2023.07.14-05.14.52:478][  0]LogAudio: Display: Audio Spatialization Plugin: None (built-in).
[2023.07.14-05.14.52:478][  0]LogAudio: Display: Audio Reverb Plugin: None (built-in).
[2023.07.14-05.14.52:478][  0]LogAudio: Display: Audio Occlusion Plugin: None (built-in).
[2023.07.14-05.14.52:478][  0]LogAudioMixer: Display: Initializing audio mixer.
[2023.07.14-05.14.52:499][  0]LogAudioMixer: Display: 0: FrontLeft
[2023.07.14-05.14.52:500][  0]LogAudioMixer: Display: 1: FrontRight
[2023.07.14-05.14.52:542][  0]LogAudioMixer: Display: Using Audio Device Speakers / Headphones (Realtek High Definition Audio)
[2023.07.14-05.14.52:550][  0]LogAudioMixer: Display: Initializing Sound Submixes...
[2023.07.14-05.14.52:552][  0]LogAudioMixer: Display: Creating Master Submix 'MasterSubmixDefault'
[2023.07.14-05.14.52:552][  0]LogAudioMixer: Display: Creating Master Submix 'MasterReverbSubmixDefault'
[2023.07.14-05.14.52:554][  0]LogAudioMixer: Display: Creating Master Submix 'MasterEQSubmixDefault'
[2023.07.14-05.14.52:554][  0]LogAudioMixer: FMixerPlatformXAudio2::StartAudioStream() called
[2023.07.14-05.14.52:554][  0]LogAudioMixer: Display: Output buffers initialized: Frames=1024, Channels=2, Samples=2048
[2023.07.14-05.14.52:555][  0]LogAudioMixer: Display: Starting AudioMixerPlatformInterface::RunInternal()
[2023.07.14-05.14.52:555][  0]LogAudioMixer: Display: FMixerPlatformXAudio2::SubmitBuffer() called for the first time
[2023.07.14-05.14.52:555][  0]LogInit: FAudioDevice initialized.
[2023.07.14-05.14.52:556][  0]LogNetVersion: Set ProjectVersion to 1.0.0.0. Version Checksum will be recalculated on next use.
[2023.07.14-05.14.52:562][  0]LogInit: Texture streaming: Enabled
[2023.07.14-05.14.52:632][  0]LogAudio: Display: Audio Device (ID: 1) registered with world 'Untitled'.
[2023.07.14-05.14.52:633][  0]LogSlate: Updating window title bar state: overlay mode, drag disabled, window buttons hidden, title bar hidden
[2023.07.14-05.14.52:635][  0]LogInit: Display: Game Engine Initialized.
[2023.07.14-05.14.52:635][  0]LogNiagaraEditor: GEditor isn't valid! Particle reset commands will not work for Niagara components!
[2023.07.14-05.14.52:768][  0]LogInit: Display: Starting Game.
[2023.07.14-05.14.52:768][  0]LogNet: Browse: /Game/FirstPersonBP/Maps/TestingMap?Name=Player
[2023.07.14-05.14.52:768][  0]LogLoad: LoadMap: /Game/FirstPersonBP/Maps/TestingMap?Name=Player
[2023.07.14-05.14.52:768][  0]LogWorld: BeginTearingDown for /Temp/Untitled_0
[2023.07.14-05.14.52:770][  0]LogWorld: UWorld::CleanupWorld for Untitled, bSessionEnded=true, bCleanupResources=true
[2023.07.14-05.14.52:770][  0]LogSlate: InvalidateAllWidgets triggered.  All widgets were invalidated
[2023.07.14-05.14.52:776][  0]LogAudio: Display: Audio Device unregistered from world 'None'.
[2023.07.14-05.14.52:779][  0]LogUObjectHash: Compacting FUObjectHashTables data took   0.98ms
[2023.07.14-05.14.53:105][  0]LogMaterial: Display: Missing cached shadermap for Scope in PCD3D_SM5, Default, SM5 (DDC key hash: 96BE74DCC89C90F011928E2F21572C4D59450DA5), compiling. 
[2023.07.14-05.14.53:106][  0]LogMaterial: Warning: [AssetLog] E:\Ex2Github\Ex2\Content\Weapons\Geometry\Scope.uasset: Failed to compile Material for platform PCD3D_SM5, Default Material will be used in game.
[2023.07.14-05.14.53:106][  0]LogMaterial: Display: 	(Node TextureSample) TextureSample> Sampler type is Linear Color, should be Color for /Game/Textures/AugA1Scope.AugA1Scope
[2023.07.14-05.14.53:214][  0]LogAudio: Display: Audio Device (ID: 1) registered with world 'TestingMap'.
[2023.07.14-05.14.53:222][  0]LogAIModule: Creating AISystem for world TestingMap
[2023.07.14-05.14.53:222][  0]LogLoad: Game class is 'FirstPersonGameMode_C'
[2023.07.14-05.14.53:242][  0]LogWorld: Bringing World /Game/FirstPersonBP/Maps/TestingMap.TestingMap up for play (max tick rate 0) at 2023.07.14-01.14.53
[2023.07.14-05.14.53:242][  0]LogWorld: Bringing up level for play took: 0.019378
[2023.07.14-05.14.53:248][  0]LogScript: Warning: Accessed None trying to read property CallFunc_FinishSpawningActor_ReturnValue_2
	FirstPersonCharacter_C /Game/FirstPersonBP/Maps/TestingMap.TestingMap:PersistentLevel.FirstPersonCharacter_C_0
	Function /Game/FirstPersonBP/Blueprints/FirstPersonCharacter.FirstPersonCharacter_C:ExecuteUbergraph_FirstPersonCharacter:0470
[2023.07.14-05.14.53:248][  0]LogScript: Warning: Script call stack:
	Function /Game/FirstPersonBP/Blueprints/FirstPersonCharacter.FirstPersonCharacter_C:ReceiveBeginPlay
	Function /Game/FirstPersonBP/Blueprints/FirstPersonCharacter.FirstPersonCharacter_C:ExecuteUbergraph_FirstPersonCharacter
	Function /Game/FirstPersonBP/Blueprints/FirstPersonCharacter.FirstPersonCharacter_C:UpdateSelectedWeapon
	Function /Game/FirstPersonBP/Blueprints/FirstPersonCharacter.FirstPersonCharacter_C:ExecuteUbergraph_FirstPersonCharacter

[2023.07.14-05.14.53:250][  0]LogScript: Warning: Accessed None trying to read property CallFunc_FinishSpawningActor_ReturnValue_2
	FirstPersonCharacter_C /Game/FirstPersonBP/Maps/TestingMap.TestingMap:PersistentLevel.FirstPersonCharacter_C_0
	Function /Game/FirstPersonBP/Blueprints/FirstPersonCharacter.FirstPersonCharacter_C:ExecuteUbergraph_FirstPersonCharacter:0470
[2023.07.14-05.14.53:250][  0]LogScript: Warning: Script call stack:
	Function /Game/FirstPersonBP/Blueprints/FirstPersonCharacter.FirstPersonCharacter_C:ReceiveBeginPlay
	Function /Game/FirstPersonBP/Blueprints/FirstPersonCharacter.FirstPersonCharacter_C:ExecuteUbergraph_FirstPersonCharacter
	Function /Game/FirstPersonBP/Blueprints/FirstPersonCharacter.FirstPersonCharacter_C:UpdateSelectedWeapon
	Function /Game/FirstPersonBP/Blueprints/FirstPersonCharacter.FirstPersonCharacter_C:ExecuteUbergraph_FirstPersonCharacter

[2023.07.14-05.14.53:251][  0]LogLoad: Took 0.483031 seconds to LoadMap(/Game/FirstPersonBP/Maps/TestingMap)
[2023.07.14-05.14.53:349][  0]LogSlate: Took 0.000221 seconds to synchronously load lazily loaded font '../../../Engine/Content/Slate/Fonts/Roboto-Regular.ttf' (155K)
[2023.07.14-05.14.53:396][  0]LogRenderer: Reallocating scene render targets to support 1280x720 Format 10 NumSamples 1 (Frame:1).
[2023.07.14-05.14.53:396][  0]LogInit: Display: Engine is initialized. Leaving FEngineLoop::Init()
[2023.07.14-05.14.53:396][  0]LogLoad: (Engine Initialization) Total time: 8.60 seconds
[2023.07.14-05.14.53:396][  0]LogLoad: (Engine Initialization) Total Blueprint compile time: 0.00 seconds
[2023.07.14-05.14.53:453][  0]LogContentStreaming: Texture pool size now 1000 MB
[2023.07.14-05.14.53:460][  0]LogSlate: InvalidateAllWidgets triggered.  All widgets were invalidated
[2023.07.14-05.14.53:518][  0]LogRenderer: Reallocating scene render targets to support 128x128 Format 10 NumSamples 1 (Frame:1).
[2023.07.14-05.14.53:576][  0]LogRenderer: Reallocating scene render targets to support 1280x720 Format 10 NumSamples 1 (Frame:2).
[2023.07.14-05.14.53:642][  1]LogSlate: Took 0.000212 seconds to synchronously load lazily loaded font '../../../Engine/Content/Slate/Fonts/Roboto-Regular.ttf' (155K)
[2023.07.14-05.14.57:057][450]Closing by request
[2023.07.14-05.14.57:057][450]LogWindows: FPlatformMisc::RequestExit(0)
[2023.07.14-05.14.57:057][450]LogWindows: FPlatformMisc::RequestExitWithStatus(0, 0)
[2023.07.14-05.14.57:057][450]LogCore: Engine exit requested (reason: Win RequestExit)
[2023.07.14-05.14.57:063][451]LogCore: Engine exit requested (reason: EngineExit() was called; note: exit was already requested)
[2023.07.14-05.14.57:063][451]LogInit: Display: PreExit Game.
[2023.07.14-05.14.57:075][451]LogWorld: BeginTearingDown for /Game/FirstPersonBP/Maps/TestingMap
[2023.07.14-05.14.57:075][451]LogWorld: UWorld::CleanupWorld for TestingMap, bSessionEnded=true, bCleanupResources=true
[2023.07.14-05.14.57:076][451]LogSlate: InvalidateAllWidgets triggered.  All widgets were invalidated
[2023.07.14-05.14.57:358][451]LogAudio: Display: Beginning Audio Device Manager Shutdown (Module: AudioMixerXAudio2)...
[2023.07.14-05.14.57:358][451]LogAudio: Display: Destroying 1 Remaining Audio Device(s)...
[2023.07.14-05.14.57:358][451]LogAudio: Display: Audio Device unregistered from world 'TestingMap'.
[2023.07.14-05.14.57:395][451]LogAudioMixer: FMixerPlatformXAudio2::StopAudioStream() called
[2023.07.14-05.14.57:396][451]LogAudioMixer: FMixerPlatformXAudio2::StopAudioStream() called
[2023.07.14-05.14.57:399][451]LogAudio: Display: Audio Device Manager Shutdown
[2023.07.14-05.14.57:405][451]LogSlate: Window 'Ex2 (64-bit Development PCD3D_SM5) ' being destroyed
[2023.07.14-05.14.57:406][451]LogWindowsTextInputMethodSystem: Display: IME system deactivated.
[2023.07.14-05.14.57:411][451]LogWindowsTextInputMethodSystem: Display: IME system deactivated.
[2023.07.14-05.14.57:416][451]LogExit: Preparing to exit.
[2023.07.14-05.14.57:998][451]LogUObjectHash: Compacting FUObjectHashTables data took   1.37ms
[2023.07.14-05.14.58:052][451]LogMoviePlayer: Shutting down movie player
[2023.07.14-05.14.58:155][451]LogSlate: Updating window title bar state: overlay mode, drag disabled, window buttons hidden, title bar hidden
[2023.07.14-05.14.58:171][451]LogDemo: Cleaned up 0 splitscreen connections with owner deletion
[2023.07.14-05.14.58:176][451]LogExit: Game engine shut down
[2023.07.14-05.14.58:236][451]LogExit: Object subsystem successfully closed.
[2023.07.14-05.14.58:242][451]LogShaderCompilers: Display: === FShaderJobCache stats ===
[2023.07.14-05.14.58:242][451]LogShaderCompilers: Display: Total job queries 0, among them cache hits 0 (0.00%)
[2023.07.14-05.14.58:242][451]LogShaderCompilers: Display: Tracking 0 distinct input hashes that result in 0 distinct outputs (0.00%)
[2023.07.14-05.14.58:242][451]LogShaderCompilers: Display: RAM used: 0.00 MB (0.00 GB) of 819.20 MB (0.80 GB) budget. Usage: 0.00%
[2023.07.14-05.14.58:242][451]LogShaderCompilers: Display: ================================================
[2023.07.14-05.14.58:256][451]LogShaderCompilers: Display: Shaders left to compile 0
[2023.07.14-05.14.58:267][451]LogModuleManager: Shutting down and abandoning module SequenceRecorderSections (558)
[2023.07.14-05.14.58:267][451]LogModuleManager: Shutting down and abandoning module SequenceRecorder (556)
[2023.07.14-05.14.58:267][451]LogModuleManager: Shutting down and abandoning module AutomationController (554)
[2023.07.14-05.14.58:267][451]LogModuleManager: Shutting down and abandoning module AutomationWorker (552)
[2023.07.14-05.14.58:267][451]LogModuleManager: Shutting down and abandoning module Voice (550)
[2023.07.14-05.14.58:267][451]LogModuleManager: Shutting down and abandoning module AIModule (548)
[2023.07.14-05.14.58:267][451]LogModuleManager: Shutting down and abandoning module GameplayDebugger (547)
[2023.07.14-05.14.58:267][451]LogModuleManager: Shutting down and abandoning module AITestSuite (545)
[2023.07.14-05.14.58:267][451]LogModuleManager: Shutting down and abandoning module NavigationSystem (543)
[2023.07.14-05.14.58:267][451]LogModuleManager: Shutting down and abandoning module SteamVREditor (540)
[2023.07.14-05.14.58:267][451]LogModuleManager: Shutting down and abandoning module ToolMenus (539)
[2023.07.14-05.14.58:267][451]LogModuleManager: Shutting down and abandoning module OculusMR (536)
[2023.07.14-05.14.58:267][451]LogModuleManager: Shutting down and abandoning module TakeRecorderSources (534)
[2023.07.14-05.14.58:267][451]LogModuleManager: Shutting down and abandoning module TakeRecorder (533)
[2023.07.14-05.14.58:267][451]LogModuleManager: Shutting down and abandoning module TakeTrackRecorders (530)
[2023.07.14-05.14.58:267][451]LogModuleManager: Shutting down and abandoning module TakesCore (528)
[2023.07.14-05.14.58:268][451]LogModuleManager: Shutting down and abandoning module OpenXRInput (526)
[2023.07.14-05.14.58:268][451]LogModuleManager: Shutting down and abandoning module WmfMediaFactory (524)
[2023.07.14-05.14.58:268][451]LogModuleManager: Shutting down and abandoning module WebMMediaFactory (522)
[2023.07.14-05.14.58:268][451]LogModuleManager: Shutting down and abandoning module WebMMedia (520)
[2023.07.14-05.14.58:268][451]LogModuleManager: Shutting down and abandoning module OpenExrWrapper (518)
[2023.07.14-05.14.58:268][451]LogModuleManager: Shutting down and abandoning module ImgMediaFactory (516)
[2023.07.14-05.14.58:268][451]LogModuleManager: Shutting down and abandoning module AvfMediaFactory (514)
[2023.07.14-05.14.58:268][451]LogModuleManager: Shutting down and abandoning module MagicLeapMediaCodecFactory (512)
[2023.07.14-05.14.58:268][451]LogModuleManager: Shutting down and abandoning module MagicLeapMediaFactory (510)
[2023.07.14-05.14.58:268][451]LogModuleManager: Shutting down and abandoning module PlanarCut (508)
[2023.07.14-05.14.58:268][451]LogModuleManager: Shutting down and abandoning module CharacterAI (506)
[2023.07.14-05.14.58:268][451]LogModuleManager: Shutting down and abandoning module SessionServices (504)
[2023.07.14-05.14.58:268][451]LogModuleManager: Shutting down and abandoning module MovieSceneCapture (502)
[2023.07.14-05.14.58:268][451]LogModuleManager: Shutting down and abandoning module LiveCoding (500)
[2023.07.14-05.14.58:268][451]LogModuleManager: Shutting down and abandoning module LevelSequence (498)
[2023.07.14-05.14.58:268][451]LogModuleManager: Shutting down and abandoning module MovieSceneTracks (496)
[2023.07.14-05.14.58:268][451]LogModuleManager: Shutting down and abandoning module MovieScene (494)
[2023.07.14-05.14.58:268][451]LogModuleManager: Shutting down and abandoning module StreamingPauseRendering (492)
[2023.07.14-05.14.58:268][451]LogModuleManager: Shutting down and abandoning module PortalServices (490)
[2023.07.14-05.14.58:268][451]LogModuleManager: Shutting down and abandoning module PortalRpc (488)
[2023.07.14-05.14.58:268][451]LogModuleManager: Shutting down and abandoning module MessagingRpc (486)
[2023.07.14-05.14.58:268][451]LogModuleManager: Shutting down and abandoning module AudioMixerXAudio2 (484)
[2023.07.14-05.14.58:268][451]LogModuleManager: Shutting down and abandoning module AudioMixerCore (483)
[2023.07.14-05.14.58:268][451]LogModuleManager: Shutting down and abandoning module ImageWriteQueue (480)
[2023.07.14-05.14.58:268][451]LogModuleManager: Shutting down and abandoning module ProfilerService (478)
[2023.07.14-05.14.58:349][451]LogModuleManager: Shutting down and abandoning module TaskGraph (476)
[2023.07.14-05.14.58:350][451]LogModuleManager: Shutting down and abandoning module OculusInput (474)
[2023.07.14-05.14.58:350][451]LogModuleManager: Shutting down and abandoning module TakeMovieScene (472)
[2023.07.14-05.14.58:350][451]LogModuleManager: Shutting down and abandoning module Synthesis (470)
[2023.07.14-05.14.58:350][451]LogModuleManager: Shutting down and abandoning module ProceduralMeshComponent (468)
[2023.07.14-05.14.58:350][451]LogModuleManager: Shutting down and abandoning module MobilePatchingUtils (466)
[2023.07.14-05.14.58:350][451]LogModuleManager: Shutting down and abandoning module GooglePAD (464)
[2023.07.14-05.14.58:350][451]LogModuleManager: Shutting down and abandoning module EditableMesh (462)
[2023.07.14-05.14.58:350][451]LogModuleManager: Shutting down and abandoning module CustomMeshComponent (460)
[2023.07.14-05.14.58:350][451]LogModuleManager: Shutting down and abandoning module CableComponent (458)
[2023.07.14-05.14.58:350][451]LogModuleManager: Shutting down and abandoning module AndroidPermission (456)
[2023.07.14-05.14.58:350][451]LogModuleManager: Shutting down and abandoning module AudioCapture (454)
[2023.07.14-05.14.58:350][451]LogModuleManager: Shutting down and abandoning module AudioCaptureRtAudio (453)
[2023.07.14-05.14.58:350][451]LogModuleManager: Shutting down and abandoning module AssetTags (450)
[2023.07.14-05.14.58:350][451]LogModuleManager: Shutting down and abandoning module ArchVisCharacter (448)
[2023.07.14-05.14.58:350][451]LogModuleManager: Shutting down and abandoning module AppleImageUtilsBlueprintSupport (446)
[2023.07.14-05.14.58:350][451]LogModuleManager: Shutting down and abandoning module AppleImageUtils (444)
[2023.07.14-05.14.58:350][451]LogModuleManager: Shutting down and abandoning module ActorLayerUtilities (442)
[2023.07.14-05.14.58:350][451]LogModuleManager: Shutting down and abandoning module TemplateSequence (440)
[2023.07.14-05.14.58:350][451]LogModuleManager: Shutting down and abandoning module MediaCompositing (438)
[2023.07.14-05.14.58:350][451]LogModuleManager: Shutting down and abandoning module ImgMedia (436)
[2023.07.14-05.14.58:350][451]LogModuleManager: Shutting down and abandoning module MagicLeapSharedWorld (434)
[2023.07.14-05.14.58:350][451]LogModuleManager: Shutting down and abandoning module MagicLeapLightEstimation (432)
[2023.07.14-05.14.58:350][451]LogModuleManager: Shutting down and abandoning module MagicLeapHelperVulkan (430)
[2023.07.14-05.14.58:350][451]LogModuleManager: Shutting down and abandoning module MagicLeapHelperOpenGL (428)
[2023.07.14-05.14.58:350][451]LogModuleManager: Shutting down and abandoning module MagicLeapAudio (426)
[2023.07.14-05.14.58:350][451]LogModuleManager: Shutting down and abandoning module OpenImageDenoise (424)
[2023.07.14-05.14.58:350][451]LogOpenImageDenoise: OIDN shutting down
[2023.07.14-05.14.58:350][451]LogModuleManager: Shutting down and abandoning module MotoSynth (422)
[2023.07.14-05.14.58:350][451]LogModuleManager: Shutting down and abandoning module MeshConversion (420)
[2023.07.14-05.14.58:350][451]LogModuleManager: Shutting down and abandoning module DynamicMesh (418)
[2023.07.14-05.14.58:350][451]LogModuleManager: Shutting down and abandoning module GeometryAlgorithms (416)
[2023.07.14-05.14.58:350][451]LogModuleManager: Shutting down and abandoning module GeometricObjects (414)
[2023.07.14-05.14.58:350][451]LogModuleManager: Shutting down and abandoning module GeometryCollectionTracks (412)
[2023.07.14-05.14.58:350][451]LogModuleManager: Shutting down and abandoning module GeometryCollectionSequencer (411)
[2023.07.14-05.14.58:350][451]LogModuleManager: Shutting down and abandoning module GeometryCacheTracks (408)
[2023.07.14-05.14.58:350][451]LogModuleManager: Shutting down and abandoning module GeometryCacheSequencer (407)
[2023.07.14-05.14.58:350][451]LogModuleManager: Shutting down and abandoning module GeometryCache (404)
[2023.07.14-05.14.58:350][451]LogModuleManager: Shutting down and abandoning module GeometryCacheEd (403)
[2023.07.14-05.14.58:350][451]LogModuleManager: Shutting down and abandoning module ChaosNiagara (400)
[2023.07.14-05.14.58:350][451]LogModuleManager: Shutting down and abandoning module FieldSystemEngine (399)
[2023.07.14-05.14.58:350][451]LogModuleManager: Shutting down and abandoning module BackChannel (396)
[2023.07.14-05.14.58:350][451]LogModuleManager: Shutting down and abandoning module AutomationUtils (394)
[2023.07.14-05.14.58:350][451]LogModuleManager: Shutting down and abandoning module VisualStudioSourceCodeAccess (392)
[2023.07.14-05.14.58:350][451]LogModuleManager: Shutting down and abandoning module HotReload (391)
[2023.07.14-05.14.58:350][451]LogModuleManager: Shutting down and abandoning module VisualStudioCodeSourceCodeAccess (388)
[2023.07.14-05.14.58:350][451]LogModuleManager: Shutting down and abandoning module UObjectPlugin (386)
[2023.07.14-05.14.58:350][451]LogModuleManager: Shutting down and abandoning module SubversionSourceControl (384)
[2023.07.14-05.14.58:350][451]LogModuleManager: Shutting down and abandoning module PerforceSourceControl (382)
[2023.07.14-05.14.58:350][451]LogModuleManager: Shutting down and abandoning module SourceControl (381)
[2023.07.14-05.14.58:350][451]LogModuleManager: Shutting down and abandoning module CLionSourceCodeAccess (378)
[2023.07.14-05.14.58:350][451]LogModuleManager: Shutting down and abandoning module OodleNetworkHandlerComponent (376)
[2023.07.14-05.14.58:350][451]LogModuleManager: Shutting down and abandoning module LiveLinkSequencer (374)
[2023.07.14-05.14.58:350][451]LogModuleManager: Shutting down and abandoning module LiveLinkMovieScene (372)
[2023.07.14-05.14.58:350][451]LogModuleManager: Shutting down and abandoning module LiveLinkGraphNode (370)
[2023.07.14-05.14.58:350][451]LogModuleManager: Shutting down and abandoning module LiveLinkComponents (368)
[2023.07.14-05.14.58:350][451]LogModuleManager: Shutting down and abandoning module LiveLink (366)
[2023.07.14-05.14.59:028][451]LogModuleManager: Shutting down and abandoning module SoundFields (364)
[2023.07.14-05.14.59:028][451]LogModuleManager: Shutting down and abandoning module SignificanceManager (362)
[2023.07.14-05.14.59:028][451]LogModuleManager: Shutting down and abandoning module RuntimePhysXCooking (360)
[2023.07.14-05.14.59:028][451]LogModuleManager: Shutting down and abandoning module PropertyAccessEditor (358)
[2023.07.14-05.14.59:028][451]LogModuleManager: Shutting down and abandoning module PhysXVehiclesEditor (356)
[2023.07.14-05.14.59:028][451]LogModuleManager: Shutting down and abandoning module LocationServicesBPLibrary (352)
[2023.07.14-05.14.59:028][451]LogModuleManager: Shutting down and abandoning module AudioSynesthesia (350)
[2023.07.14-05.14.59:028][451]LogModuleManager: Shutting down and abandoning module AudioSynesthesiaCore (348)
[2023.07.14-05.14.59:028][451]LogModuleManager: Shutting down and abandoning module ActorSequence (346)
[2023.07.14-05.14.59:028][451]LogModuleManager: Shutting down and abandoning module UdpMessaging (344)
[2023.07.14-05.14.59:129][451]LogModuleManager: Shutting down and abandoning module TcpMessaging (342)
[2023.07.14-05.14.59:230][451]LogModuleManager: Shutting down and abandoning module ImgMediaEngine (340)
[2023.07.14-05.14.59:230][451]LogModuleManager: Shutting down and abandoning module MagicLeapARPin (338)
[2023.07.14-05.14.59:230][451]LogModuleManager: Shutting down and abandoning module MagicLeapHandMeshing (336)
[2023.07.14-05.14.59:230][451]LogModuleManager: Shutting down and abandoning module MagicLeapSecureStorage (334)
[2023.07.14-05.14.59:230][451]LogModuleManager: Shutting down and abandoning module MagicLeapPrivileges (332)
[2023.07.14-05.14.59:230][451]LogModuleManager: Shutting down and abandoning module MagicLeapPlanes (330)
[2023.07.14-05.14.59:230][451]LogMagicLeapPlanes: Planes tracker already destroyed.
[2023.07.14-05.14.59:230][451]LogModuleManager: Shutting down and abandoning module MagicLeapImageTracker (328)
[2023.07.14-05.14.59:230][451]LogModuleManager: Shutting down and abandoning module MagicLeapIdentity (326)
[2023.07.14-05.14.59:230][451]LogModuleManager: Shutting down and abandoning module MagicLeapHandTracking (324)
[2023.07.14-05.14.59:230][451]LogModuleManager: Shutting down and abandoning module MagicLeapEyeTracker (322)
[2023.07.14-05.14.59:230][451]LogModuleManager: Shutting down and abandoning module MagicLeapController (320)
[2023.07.14-05.14.59:231][451]LogModuleManager: Shutting down and abandoning module MagicLeapARPinImpl (318)
[2023.07.14-05.14.59:231][451]LogModuleManager: Shutting down and abandoning module MagicLeapAR (316)
[2023.07.14-05.14.59:231][451]LogModuleManager: Shutting down and abandoning module NiagaraAnimNotifies (314)
[2023.07.14-05.14.59:231][451]LogModuleManager: Shutting down and abandoning module Niagara (312)
[2023.07.14-05.14.59:231][451]LogModuleManager: Shutting down and abandoning module SignalProcessing (311)
[2023.07.14-05.14.59:231][451]LogModuleManager: Shutting down and abandoning module NiagaraEditor (309)
[2023.07.14-05.14.59:231][451]LogModuleManager: Shutting down and abandoning module ContentBrowser (308)
[2023.07.14-05.14.59:232][451]LogModuleManager: Shutting down and abandoning module CollectionManager (307)
[2023.07.14-05.14.59:232][451]LogModuleManager: Shutting down and abandoning module DirectoryWatcher (306)
[2023.07.14-05.14.59:232][451]LogModuleManager: Shutting down and abandoning module ContentBrowserData (303)
[2023.07.14-05.14.59:232][451]LogModuleManager: Shutting down and abandoning module NiagaraCore (298)
[2023.07.14-05.14.59:232][451]LogModuleManager: Shutting down and abandoning module PythonScriptPlugin (296)
[2023.07.14-05.14.59:232][451]LogModuleManager: Shutting down and abandoning module GameplayTagsEditor (294)
[2023.07.14-05.14.59:232][451]LogModuleManager: Shutting down and abandoning module FacialAnimation (292)
[2023.07.14-05.14.59:232][451]LogModuleManager: Shutting down and abandoning module AssetManagerEditor (290)
[2023.07.14-05.14.59:232][451]LogModuleManager: Shutting down and abandoning module TreeMap (289)
[2023.07.14-05.14.59:232][451]LogModuleManager: Shutting down and abandoning module PropertyAccessNode (286)
[2023.07.14-05.14.59:232][451]LogModuleManager: Shutting down and abandoning module AnimationSharing (284)
[2023.07.14-05.14.59:232][451]LogModuleManager: Shutting down and abandoning module GameplayCameras (282)
[2023.07.14-05.14.59:232][451]LogModuleManager: Shutting down and abandoning module LightPropagationVolumeRuntime (280)
[2023.07.14-05.14.59:232][451]LogModuleManager: Shutting down and abandoning module EnvironmentQueryEditor (278)
[2023.07.14-05.14.59:232][451]LogModuleManager: Shutting down and abandoning module Paper2D (276)
[2023.07.14-05.14.59:232][451]LogModuleManager: Shutting down and abandoning module WindowsMoviePlayer (274)
[2023.07.14-05.14.59:233][451]LogModuleManager: Shutting down and abandoning module WebMMoviePlayer (272)
[2023.07.14-05.14.59:233][451]LogModuleManager: Shutting down and abandoning module NetworkReplayStreaming (270)
[2023.07.14-05.14.59:233][451]LogModuleManager: Shutting down and abandoning module PacketHandler (268)
[2023.07.14-05.14.59:233][451]LogModuleManager: Shutting down and abandoning module ClothingSystemEditor (266)
[2023.07.14-05.14.59:233][451]LogModuleManager: Shutting down and abandoning module ClothingSystemRuntimeNv (264)
[2023.07.14-05.14.59:233][451]LogModuleManager: Shutting down and abandoning module MediaAssets (262)
[2023.07.14-05.14.59:233][451]LogModuleManager: Shutting down and abandoning module Overlay (260)
[2023.07.14-05.14.59:233][451]LogModuleManager: Shutting down and abandoning module OverlayEditor (259)
[2023.07.14-05.14.59:233][451]LogModuleManager: Shutting down and abandoning module VREditor (256)
[2023.07.14-05.14.59:233][451]LogModuleManager: Shutting down and abandoning module StringTableEditor (254)
[2023.07.14-05.14.59:234][451]LogModuleManager: Shutting down and abandoning module GameplayTasksEditor (252)
[2023.07.14-05.14.59:234][451]LogModuleManager: Shutting down and abandoning module BehaviorTreeEditor (250)
[2023.07.14-05.14.59:234][451]LogModuleManager: Shutting down and abandoning module FunctionalTesting (248)
[2023.07.14-05.14.59:234][451]LogModuleManager: Shutting down and abandoning module CollisionAnalyzer (246)
[2023.07.14-05.14.59:234][451]LogModuleManager: Shutting down and abandoning module WorkspaceMenuStructure (245)
[2023.07.14-05.14.59:235][451]LogModuleManager: Shutting down and abandoning module UMG (242)
[2023.07.14-05.14.59:235][451]LogModuleManager: Shutting down and abandoning module UMGEditor (241)
[2023.07.14-05.14.59:235][451]LogModuleManager: Shutting down and abandoning module Sequencer (240)
[2023.07.14-05.14.59:235][451]LogModuleManager: Shutting down and abandoning module MessageLog (237)
[2023.07.14-05.14.59:236][451]LogModuleManager: Shutting down and abandoning module SlateReflector (232)
[2023.07.14-05.14.59:236][451]LogModuleManager: Shutting down and abandoning module Slate (230)
[2023.07.14-05.14.59:236][451]LogModuleManager: Shutting down and abandoning module SlateCore (228)
[2023.07.14-05.14.59:238][451]LogModuleManager: Shutting down and abandoning module LandscapeEditorUtilities (226)
[2023.07.14-05.14.59:238][451]LogModuleManager: Shutting down and abandoning module UnrealEd (224)
[2023.07.14-05.14.59:238][451]LogModuleManager: Shutting down and abandoning module MRMesh (222)
[2023.07.14-05.14.59:238][451]LogModuleManager: Shutting down and abandoning module Messaging (220)
[2023.07.14-05.14.59:238][451]LogModuleManager: Shutting down and abandoning module SourceCodeAccess (218)
[2023.07.14-05.14.59:238][451]LogModuleManager: Shutting down and abandoning module HeadMountedDisplay (216)
[2023.07.14-05.14.59:238][451]LogModuleManager: Shutting down and abandoning module XAudio2 (214)
[2023.07.14-05.14.59:238][451]LogModuleManager: Shutting down and abandoning module Networking (212)
[2023.07.14-05.14.59:238][451]LogModuleManager: Shutting down and abandoning module Core (210)
[2023.07.14-05.14.59:238][451]LogModuleManager: Shutting down and abandoning module MaterialEditor (208)
[2023.07.14-05.14.59:239][451]LogModuleManager: Shutting down and abandoning module MovieSceneTools (206)
[2023.07.14-05.14.59:239][451]LogModuleManager: Shutting down and abandoning module EditorStyle (205)
[2023.07.14-05.14.59:244][451]LogModuleManager: Shutting down and abandoning module KismetCompiler (202)
[2023.07.14-05.14.59:244][451]LogModuleManager: Shutting down and abandoning module MeshBuilder (200)
[2023.07.14-05.14.59:244][451]LogModuleManager: Shutting down and abandoning module MeshUtilities (198)
[2023.07.14-05.14.59:244][451]LogModuleManager: Shutting down and abandoning module MeshMergeUtilities (197)
[2023.07.14-05.14.59:244][451]LogModuleManager: Shutting down and abandoning module MeshReductionInterface (196)
[2023.07.14-05.14.59:244][451]LogModuleManager: Shutting down and abandoning module MeshBoneReduction (195)
[2023.07.14-05.14.59:244][451]LogModuleManager: Shutting down and abandoning module SkeletalMeshReduction (193)
[2023.07.14-05.14.59:244][451]LogModuleManager: Shutting down and abandoning module ProxyLODMeshReduction (191)
[2023.07.14-05.14.59:244][451]LogModuleManager: Shutting down and abandoning module QuadricMeshReduction (189)
[2023.07.14-05.14.59:244][451]LogModuleManager: Shutting down and abandoning module MaterialBaking (185)
[2023.07.14-05.14.59:245][451]LogModuleManager: Shutting down and abandoning module NullInstallBundleManager (180)
[2023.07.14-05.14.59:245][451]LogModuleManager: Shutting down and abandoning module PIEPreviewDeviceProfileSelector (178)
[2023.07.14-05.14.59:245][451]LogModuleManager: Shutting down and abandoning module DerivedDataCache (176)
[2023.07.14-05.14.59:245][451]LogModuleManager: Shutting down and abandoning module TargetPlatform (174)
[2023.07.14-05.14.59:245][451]LogModuleManager: Shutting down and abandoning module VulkanShaderFormat (173)
[2023.07.14-05.14.59:245][451]LogModuleManager: Shutting down and abandoning module ShaderFormatVectorVM (171)
[2023.07.14-05.14.59:245][451]LogModuleManager: Shutting down and abandoning module ShaderFormatOpenGL (169)
[2023.07.14-05.14.59:245][451]LogModuleManager: Shutting down and abandoning module ShaderFormatD3D (167)
[2023.07.14-05.14.59:245][451]LogModuleManager: Shutting down and abandoning module MetalShaderFormat (165)
[2023.07.14-05.14.59:245][451]LogModuleManager: Shutting down and abandoning module TextureFormatOodle (163)
[2023.07.14-05.14.59:245][451]LogModuleManager: Shutting down and abandoning module TextureFormatUncompressed (161)
[2023.07.14-05.14.59:245][451]LogModuleManager: Shutting down and abandoning module TextureFormatPVR (159)
[2023.07.14-05.14.59:245][451]LogModuleManager: Shutting down and abandoning module TextureFormatETC2 (157)
[2023.07.14-05.14.59:245][451]LogModuleManager: Shutting down and abandoning module TextureFormatDXT (155)
[2023.07.14-05.14.59:245][451]LogModuleManager: Shutting down and abandoning module TextureFormatIntelISPCTexComp (153)
[2023.07.14-05.14.59:245][451]LogModuleManager: Shutting down and abandoning module TextureFormatASTC (151)
[2023.07.14-05.14.59:245][451]LogModuleManager: Shutting down and abandoning module ImageWrapper (150)
[2023.07.14-05.14.59:245][451]LogModuleManager: Shutting down and abandoning module AudioFormatOpus (147)
[2023.07.14-05.14.59:245][451]LogModuleManager: Shutting down and abandoning module AudioFormatOgg (145)
[2023.07.14-05.14.59:245][451]LogModuleManager: Shutting down and abandoning module AudioFormatADPCM (143)
[2023.07.14-05.14.59:245][451]LogModuleManager: Shutting down and abandoning module WindowsServerTargetPlatform (141)
[2023.07.14-05.14.59:245][451]LogModuleManager: Shutting down and abandoning module WindowsClientTargetPlatform (139)
[2023.07.14-05.14.59:245][451]LogModuleManager: Shutting down and abandoning module WindowsTargetPlatform (137)
[2023.07.14-05.14.59:245][451]LogModuleManager: Shutting down and abandoning module WindowsNoEditorTargetPlatform (135)
[2023.07.14-05.14.59:245][451]LogModuleManager: Shutting down and abandoning module D3D11RHI (132)
[2023.07.14-05.14.59:245][451]LogModuleManager: Shutting down and abandoning module InputCore (130)
[2023.07.14-05.14.59:245][451]LogModuleManager: Shutting down and abandoning module Settings (128)
[2023.07.14-05.14.59:245][451]LogModuleManager: Shutting down and abandoning module PhysXCooking (126)
[2023.07.14-05.14.59:245][451]LogModuleManager: Shutting down and abandoning module Chaos (124)
[2023.07.14-05.14.59:245][451]LogModuleManager: Shutting down and abandoning module WindowsPlatformFeatures (122)
[2023.07.14-05.14.59:245][451]LogModuleManager: Shutting down and abandoning module GameplayMediaEncoder (121)
[2023.07.14-05.14.59:245][451]LogModuleManager: Shutting down and abandoning module AVEncoder (120)
[2023.07.14-05.14.59:245][451]LogModuleManager: Shutting down and abandoning module SteamVRInputDevice (116)
[2023.07.14-05.14.59:245][451]LogModuleManager: Shutting down and abandoning module SteamVRInput (114)
[2023.07.14-05.14.59:246][451]LogModuleManager: Shutting down and abandoning module SteamVR (112)
[2023.07.14-05.14.59:246][451]LogHMD: Freeing OpenVRDLLHandle.
[2023.07.14-05.14.59:246][451]LogModuleManager: Shutting down and abandoning module OculusHMD (110)
[2023.07.14-05.14.59:246][451]LogModuleManager: Shutting down and abandoning module OpenXRHandTracking (108)
[2023.07.14-05.14.59:246][451]LogSlate: Slate User Destroyed.  User Index 0, Is Virtual User: 0
[2023.07.14-05.14.59:246][451]LogModuleManager: Shutting down and abandoning module OpenXREyeTracker (106)
[2023.07.14-05.14.59:246][451]LogModuleManager: Shutting down and abandoning module OpenXRAR (104)
[2023.07.14-05.14.59:246][451]LogModuleManager: Shutting down and abandoning module AugmentedReality (103)
[2023.07.14-05.14.59:246][451]LogModuleManager: Shutting down and abandoning module OpenXRHMD (100)
[2023.07.14-05.14.59:246][451]LogModuleManager: Shutting down and abandoning module ExampleDeviceProfileSelector (98)
[2023.07.14-05.14.59:246][451]LogModuleManager: Shutting down and abandoning module ChunkDownloader (96)
[2023.07.14-05.14.59:246][451]LogModuleManager: Shutting down and abandoning module LauncherChunkInstaller (94)
[2023.07.14-05.14.59:246][451]LogModuleManager: Shutting down and abandoning module OnlineBlueprintSupport (92)
[2023.07.14-05.14.59:246][451]LogModuleManager: Shutting down and abandoning module OnlineSubsystem (88)
[2023.07.14-05.14.59:247][451]LogModuleManager: Shutting down and abandoning module XMPP (83)
[2023.07.14-05.14.59:247][451]LogModuleManager: Shutting down and abandoning module WebSockets (82)
[2023.07.14-05.14.59:281][451]LogModuleManager: Shutting down and abandoning module HTTP (79)
[2023.07.14-05.14.59:281][451]LogHttp: Display: cleaning up 0 outstanding Http requests.
[2023.07.14-05.14.59:312][451]LogModuleManager: Shutting down and abandoning module SSL (78)
[2023.07.14-05.14.59:314][451]LogModuleManager: Shutting down and abandoning module WmfMedia (74)
[2023.07.14-05.14.59:318][451]LogModuleManager: Shutting down and abandoning module Media (73)
[2023.07.14-05.14.59:319][451]LogModuleManager: Shutting down and abandoning module MediaInfo (72)
[2023.07.14-05.14.59:319][451]LogModuleManager: Shutting down and abandoning module ExrReaderGpu (68)
[2023.07.14-05.14.59:319][451]LogModuleManager: Shutting down and abandoning module MLSDK (66)
[2023.07.14-05.14.59:319][451]LogModuleManager: Shutting down and abandoning module MagicLeap (64)
[2023.07.14-05.14.59:319][451]LogModuleManager: Shutting down and abandoning module NiagaraVertexFactories (62)
[2023.07.14-05.14.59:319][451]LogModuleManager: Shutting down and abandoning module NiagaraShader (60)
[2023.07.14-05.14.59:319][451]LogModuleManager: Shutting down and abandoning module ChaosCloth (58)
[2023.07.14-05.14.59:319][451]LogModuleManager: Shutting down and abandoning module VariantManagerContent (56)
[2023.07.14-05.14.59:319][451]LogModuleManager: Shutting down and abandoning module DatasmithContent (54)
[2023.07.14-05.14.59:319][451]LogModuleManager: Shutting down and abandoning module PixWinPlugin (52)
[2023.07.14-05.14.59:319][451]LogModuleManager: Shutting down and abandoning module AISupportModule (50)
[2023.07.14-05.14.59:319][451]LogModuleManager: Shutting down and abandoning module DesktopPlatform (48)
[2023.07.14-05.14.59:319][451]LogModuleManager: Shutting down and abandoning module PythonScriptPluginPreload (46)
[2023.07.14-05.14.59:320][451]LogModuleManager: Shutting down and abandoning module PlatformCryptoOpenSSL (44)
[2023.07.14-05.14.59:320][451]LogModuleManager: Shutting down and abandoning module PlatformCryptoTypes (42)
[2023.07.14-05.14.59:320][451]LogModuleManager: Shutting down and abandoning module PlatformCrypto (40)
[2023.07.14-05.14.59:320][451]LogModuleManager: Shutting down and abandoning module OodleDataCompressionFormat (38)
[2023.07.14-05.14.59:320][451]LogModuleManager: Shutting down and abandoning module XGEController (36)
[2023.07.14-05.14.59:320][451]LogModuleManager: Shutting down and abandoning module AnimationModifiers (34)
[2023.07.14-05.14.59:320][451]LogModuleManager: Shutting down and abandoning module AudioEditor (32)
[2023.07.14-05.14.59:320][451]LogModuleManager: Shutting down and abandoning module PropertyEditor (31)
[2023.07.14-05.14.59:320][451]LogModuleManager: Shutting down and abandoning module TextureCompressor (28)
[2023.07.14-05.14.59:320][451]LogModuleManager: Shutting down and abandoning module RenderCore (26)
[2023.07.14-05.14.59:320][451]LogModuleManager: Shutting down and abandoning module Landscape (24)
[2023.07.14-05.14.59:320][451]LogModuleManager: Shutting down and abandoning module SlateRHIRenderer (22)
[2023.07.14-05.14.59:320][451]LogModuleManager: Shutting down and abandoning module AnimGraphRuntime (20)
[2023.07.14-05.14.59:320][451]LogModuleManager: Shutting down and abandoning module Renderer (18)
[2023.07.14-05.14.59:320][451]LogModuleManager: Shutting down and abandoning module Engine (16)
[2023.07.14-05.14.59:320][451]LogModuleManager: Shutting down and abandoning module CoreUObject (14)
[2023.07.14-05.14.59:320][451]LogModuleManager: Shutting down and abandoning module NetworkFile (12)
[2023.07.14-05.14.59:320][451]LogModuleManager: Shutting down and abandoning module CookedIterativeFile (10)
[2023.07.14-05.14.59:320][451]LogModuleManager: Shutting down and abandoning module StreamingFile (8)
[2023.07.14-05.14.59:320][451]LogModuleManager: Shutting down and abandoning module SandboxFile (6)
[2023.07.14-05.14.59:320][451]LogModuleManager: Shutting down and abandoning module PakFile (4)
[2023.07.14-05.14.59:320][451]LogModuleManager: Shutting down and abandoning module RSA (3)
[2023.07.14-05.14.59:621][451]LogContentStreaming: Display: There are 1 unreleased StreamingManagers
[2023.07.14-05.14.59:634][451]LogD3D11RHI: Shutdown
[2023.07.14-05.14.59:634][451]LogD3D11RHI: CleanupD3DDevice
[2023.07.14-05.14.59:637][451]LogExit: Exiting.
[2023.07.14-05.14.59:666][451]Log file closed, 07/14/23 01:14:59
